===========================================================
| Sandia Engineering Analysis Access procedure for: decomp 
===========================================================
nem_slice version 4.04
Performing an elemental load balance with the following parameters...
Machine Description
	architecture: mesh
	dimension(s): 8
	total number of processors: 8
Load Balance Parameters
	type: inertial
	refinement: none
Weighting Parameters
	no weighting
Miscellaneous Options
	SPHERES are being treated as concentrated mass - connectivity exists
	WARNING: side id error checks turned off
ExodusII mesh information
	title: Sierra Output Default Title
	geometry dimension: 3
	number of nodes: 17276	number of elements: 12162
	number of element blocks: 1
	number of node sets: 7	number of side sets: 1
Time to read mesh parameters: 0.000000s
Time to read mesh: 0.000000s
Time to find surrounding elements: 0.000000s
Time to generate graph: 0.000000s
===================Call Chaco===========================
Parameter file `User_Params' not found; using default parameters.


           Input and Parameter Values

# vertices = 12162, # edges = 0
Global method: Inertial
Local method: None
Partitioning target: 1-dimensional mesh of size 8
Partitioning mode: Bisection
Random seed: 1
Active Parameters:
  CHECK_INPUT = True
  OUTPUT_METRICS = 2
  MAKE_VWGTS = False
  REFINE_MAP = False
  REFINE_PARTITION = 0
  INTERNAL_VERTICES = False
  DEBUG_PARAMS = 2



Starting to partition ...


Total time: 0.001 sec.
  partitioning 0.001

Inertial time: 0.001 sec.
  median finding 0.001
========================================================
Time in Chaco: 0.000000s
Time to generate load balance: 0.000000s
Time for elemental categorization: 0.010000s
Nodal categorization: 0.000000s
Find procs for border nodes: 0.000000s
Order elem cmaps: 0.000000s
Make cmaps consistent: 0.000000s
Time to generate load-balance maps: 0.010000s
Outputting load balance to file gis20km_upn4_in.nem
QA Record:
	nem_slice
	4.04
	21 Oct 2013
	15:12:03
Time to write Nemesis file: 0.010000s
The entire load balance took 0.020000s
