Writing new restart file dakota_restart.out
methodName = nond_polynomial_chaos
gradientType = none
hessianType = none

>>>>> Running nond_polynomial_chaos iterator.

>>>>> Building global_orthogonal_polynomial approximations.

Sparse grid level = 5
Total number of integration points: 15

------------------------------
Begin Function Evaluation    1
------------------------------
Parameters for function evaluation 1:
                     -9.938319632128e-01 a

Direct function: invoking Albany_Dakota 

Active response data for function evaluation 1:
Active set vector = { 1 }
                      4.145335030500e+01 response_fn_1



------------------------------
Begin Function Evaluation    2
------------------------------
Parameters for function evaluation 2:
                     -9.604912687080e-01 a

Direct function: invoking Albany_Dakota 

Active response data for function evaluation 2:
Active set vector = { 1 }
                      4.144237398955e+01 response_fn_1



------------------------------
Begin Function Evaluation    3
------------------------------
Parameters for function evaluation 3:
                     -8.884592328723e-01 a

Direct function: invoking Albany_Dakota 

Active response data for function evaluation 3:
Active set vector = { 1 }
                      4.141878042436e+01 response_fn_1



------------------------------
Begin Function Evaluation    4
------------------------------
Parameters for function evaluation 4:
                     -7.745966692415e-01 a

Direct function: invoking Albany_Dakota 

Active response data for function evaluation 4:
Active set vector = { 1 }
                      4.138181781774e+01 response_fn_1



------------------------------
Begin Function Evaluation    5
------------------------------
Parameters for function evaluation 5:
                     -6.211029467372e-01 a

Direct function: invoking Albany_Dakota 

Active response data for function evaluation 5:
Active set vector = { 1 }
                      4.133262226102e+01 response_fn_1



------------------------------
Begin Function Evaluation    6
------------------------------
Parameters for function evaluation 6:
                     -4.342437493468e-01 a

Direct function: invoking Albany_Dakota 

Active response data for function evaluation 6:
Active set vector = { 1 }
                      4.127368901183e+01 response_fn_1



------------------------------
Begin Function Evaluation    7
------------------------------
Parameters for function evaluation 7:
                     -2.233866864290e-01 a

Direct function: invoking Albany_Dakota 

Active response data for function evaluation 7:
Active set vector = { 1 }
                      4.120841126676e+01 response_fn_1



------------------------------
Begin Function Evaluation    8
------------------------------
Parameters for function evaluation 8:
                      0.000000000000e+00 a

Direct function: invoking Albany_Dakota 

Active response data for function evaluation 8:
Active set vector = { 1 }
                      4.114062500000e+01 response_fn_1



------------------------------
Begin Function Evaluation    9
------------------------------
Parameters for function evaluation 9:
                      2.233866864290e-01 a

Direct function: invoking Albany_Dakota 

Active response data for function evaluation 9:
Active set vector = { 1 }
                      4.107420143727e+01 response_fn_1



------------------------------
Begin Function Evaluation   10
------------------------------
Parameters for function evaluation 10:
                      4.342437493468e-01 a

Direct function: invoking Albany_Dakota 

Active response data for function evaluation 10:
Active set vector = { 1 }
                      4.101271245414e+01 response_fn_1



------------------------------
Begin Function Evaluation   11
------------------------------
Parameters for function evaluation 11:
                      6.211029467372e-01 a

Direct function: invoking Albany_Dakota 

Active response data for function evaluation 11:
Active set vector = { 1 }
                      4.095917263716e+01 response_fn_1



------------------------------
Begin Function Evaluation   12
------------------------------
Parameters for function evaluation 12:
                      7.745966692415e-01 a

Direct function: invoking Albany_Dakota 

Active response data for function evaluation 12:
Active set vector = { 1 }
                      4.091584336944e+01 response_fn_1



------------------------------
Begin Function Evaluation   13
------------------------------
Parameters for function evaluation 13:
                      8.884592328723e-01 a

Direct function: invoking Albany_Dakota 

Active response data for function evaluation 13:
Active set vector = { 1 }
                      4.088407216401e+01 response_fn_1



------------------------------
Begin Function Evaluation   14
------------------------------
Parameters for function evaluation 14:
                      9.604912687080e-01 a

Direct function: invoking Albany_Dakota 

Active response data for function evaluation 14:
Active set vector = { 1 }
                      4.086413337278e+01 response_fn_1



------------------------------
Begin Function Evaluation   15
------------------------------
Parameters for function evaluation 15:
                      9.938319632128e-01 a

Direct function: invoking Albany_Dakota 

Active response data for function evaluation 15:
Active set vector = { 1 }
                      4.085494615730e+01 response_fn_1


Constructing global approximations with no anchor, 15 DACE samples, and 0 reused points.

<<<<< global_orthogonal_polynomial approximation builds completed.
<<<<< Function evaluation summary: 15 total (15 new, 0 duplicate)
-------------------------------------------------------------------
Polynomial Chaos coefficients for response_fn_1:
          coefficient   u1
          ----------- ----
  4.114518366682e+01   P0
  -3.007853836080e-01   P1
  9.124227720394e-03   P2
  -2.820145655866e-04   P3
  9.201483752941e-06   P4
  -3.157947733867e-07   P5
  1.126707965815e-08   P6
  -4.121927799083e-10   P7
  1.387506776140e-11   P8
  8.300582443610e-13   P9
  1.751515599224e-12  P10
  1.243560809883e-12  P11
-------------------------------------------------------------------
Statistics derived analytically from polynomial expansion:

Moment-based statistics for each response function:
                              Mean             Std Dev            Skewness            Kurtosis
response_fn_1
  expansion:    4.114518366682e+01  1.737064881005e-01
  numerical:    4.114518366682e+01  1.737064881005e-01  6.308154935837e-02 -1.194847509493e+00

Covariance among response functions:
[[  3.017394400820e-02 ]] 

Local sensitivities for each response function evaluated at uncertain variable means:
response_fn_1:
 [ -3.003629529745e-01 ] 
-------------------------------------------------------------------

<<<<< Iterator nond_polynomial_chaos completed.
