nem_slice version 4.09
Performing an elemental load balance with the following parameters...
Machine Description
	architecture: mesh
	dimension(s): 4
	total number of processors: 4
Load Balance Parameters
	type: inertial
	refinement: none
Weighting Parameters
	no weighting
Miscellaneous Options
	SPHERES are being treated as concentrated mass - connectivity exists
	WARNING: side id error checks turned off
ExodusII mesh information
	title: cubit(./uniform_16_quad4.g): 02/23/2015: 16:43:04
	geometry dimension: 3
	number of nodes: 1538	number of elements: 1536
	number of element blocks: 1
	number of node sets: 0	number of side sets: 0
Time to read mesh parameters: 0.000000s
Time to read mesh: 0.000000s
Time to find surrounding elements: 0.000000s
Time to generate graph: 0.000000s
===================Call Chaco===========================
Parameter file `User_Params' not found; using default parameters.


           Input and Parameter Values

# vertices = 1536, # edges = 0
Global method: Inertial
Local method: None
Partitioning target: 1-dimensional mesh of size 4
Partitioning mode: Bisection
Random seed: 1
Active Parameters:
  CHECK_INPUT = True
  OUTPUT_METRICS = 2
  MAKE_VWGTS = False
  REFINE_MAP = False
  REFINE_PARTITION = 0
  INTERNAL_VERTICES = False
  DEBUG_PARAMS = 2



Starting to partition ...


Total time: 0.001 sec.
  partitioning 0.001

Inertial time: 0.001 sec.
  inertial axis 0.001
========================================================
Time in Chaco: 0.000000s
Time to generate load balance: 0.000000s
Time for elemental categorization: 0.000000s
Nodal categorization: 0.000000s
Find procs for border nodes: 0.000000s
Order elem cmaps: 0.000000s
Make cmaps consistent: 0.000000s
Time to generate load-balance maps: 0.000000s
Outputting load balance to file uniform_16_quad4.g.nem
QA Record:
	nem_slice
	4.09
	23 Feb 2015
	16:56:44
Time to write Nemesis file: 0.010000s
