nem_slice version 4.10
Performing an elemental load balance with the following parameters...
Machine Description
	architecture: mesh
	dimension(s): 8
	total number of processors: 8
Load Balance Parameters
	type: inertial
	refinement: none
Weighting Parameters
	no weighting
Miscellaneous Options
	SPHERES are being treated as concentrated mass - connectivity exists
	WARNING: side id error checks turned off
ExodusII mesh information
	title: cubit(cube1.e): 01/29/2016: 15:56:27
	geometry dimension: 3
	number of nodes: 343	number of elements: 216
	number of element blocks: 1
	number of node sets: 6	number of side sets: 0
Time to read mesh parameters: 0.000304s
Time to read mesh: 0.000305s
Time to find surrounding elements: 0.000101s
Time to generate graph: 0.000104s
===================Call Chaco===========================
Parameter file `User_Params' not found; using default parameters.


           Input and Parameter Values

# vertices = 216, # edges = 0
Global method: Inertial
Local method: None
Partitioning target: 1-dimensional mesh of size 8
Partitioning mode: Bisection
Random seed: 1
Active Parameters:
  CHECK_INPUT = True
  OUTPUT_METRICS = 2
  MAKE_VWGTS = False
  REFINE_MAP = False
  REFINE_PARTITION = 0
  INTERNAL_VERTICES = False
  DEBUG_PARAMS = 2



Starting to partition ...


Total time: 0.000158 sec.
  checking input 2e-06
  partitioning 0.000124

Inertial time: 8.7e-05 sec.
  inertial axis 5.4e-05
  median finding 1.4e-05
========================================================
Time in Chaco: 0.000172s
Time to generate load balance: 0.000195s
Time for elemental categorization: 0.000218s
Nodal categorization: 0.000042s
Find procs for border nodes: 0.000118s
Order elem cmaps: 0.000014s
Make cmaps consistent: 0.000008s
Time to generate load-balance maps: 0.000416s
Outputting load balance to file cube1.e.nem
QA Record:
	nem_slice
	4.10
	29 Jan 2016
	15:57:15
Time to write Nemesis file: 0.027354s
