nem_slice version 4.10
Performing an elemental load balance with the following parameters...
Machine Description
	architecture: mesh
	dimension(s): 8
	total number of processors: 8
Load Balance Parameters
	type: inertial
	refinement: none
Weighting Parameters
	no weighting
Miscellaneous Options
	SPHERES are being treated as concentrated mass - connectivity exists
	WARNING: side id error checks turned off
ExodusII mesh information
	title: cubit(cube0.e): 01/29/2016: 15:56:46
	geometry dimension: 3
	number of nodes: 2197	number of elements: 1728
	number of element blocks: 1
	number of node sets: 6	number of side sets: 0
Time to read mesh parameters: 0.000336s
Time to read mesh: 0.000604s
Time to find surrounding elements: 0.000669s
Time to generate graph: 0.000679s
===================Call Chaco===========================
Parameter file `User_Params' not found; using default parameters.


           Input and Parameter Values

# vertices = 1728, # edges = 0
Global method: Inertial
Local method: None
Partitioning target: 1-dimensional mesh of size 8
Partitioning mode: Bisection
Random seed: 1
Active Parameters:
  CHECK_INPUT = True
  OUTPUT_METRICS = 2
  MAKE_VWGTS = False
  REFINE_MAP = False
  REFINE_PARTITION = 0
  INTERNAL_VERTICES = False
  DEBUG_PARAMS = 2



Starting to partition ...


Total time: 0.000426 sec.
  checking input 7e-06
  partitioning 0.000306

Inertial time: 0.000198 sec.
  inertial axis 0.000114
  median finding 5.1e-05
========================================================
Time in Chaco: 0.000502s
Time to generate load balance: 0.000595s
Time for elemental categorization: 0.001049s
Nodal categorization: 0.000136s
Find procs for border nodes: 0.000363s
Order elem cmaps: 0.000077s
Make cmaps consistent: 0.000024s
Time to generate load-balance maps: 0.001678s
Outputting load balance to file cube0.e.nem
QA Record:
	nem_slice
	4.10
	29 Jan 2016
	15:57:13
Time to write Nemesis file: 0.034894s
