Input file:<ParameterList>
  <ParameterList name="Coupled System">
    <Parameter name="Model XML Files" type="Array(string)" 
	       value="{ input_heat_sg.xml, input_neutronics_sg.xml }"/>
    <Parameter name="Network Model" type="string" value="Param To Response"/>
    <Parameter name="Print Response Expansion" type="bool" value="0"/>
  </ParameterList>
  <ParameterList name="Piro">
    <Parameter name="Network Coupling Parameter Indices" type="Array(int)" 
	       value="{ 0, 0 }"/>
    <Parameter name="Network Coupling Response Indices" type="Array(int)" 
	       value="{ 0, 0 }"/>
    <Parameter name="Stochastic" type="bool" value="1"/>
    <ParameterList name="Dimension Reduction">
      <Parameter name="Reduce Dimension" type="bool" value="1"/>
      <Parameter name="Dimension Reduction Method" type="string" value="Tensor Product Stieltjes"/>
      <!--Parameter name="Dimension Reduction Method" type="string" value="Gram-Schmidt QR"/-->
      <Parameter name="Reduced Quadrature Method" type="string" value="L1 Minimization"/>
      <!--Parameter name="Reduced Quadrature Method" type="string" value="Column-Pivoted QR"/-->
      <Parameter name="Orthogonalization Method" type="string" value="Modified Gram-Schmidt"/>
      <!--Parameter name="Reduced Order" type="int" value="3"/-->
      <Parameter name="Verbose" type="bool" value="0"/>
    </ParameterList>
    <Parameter name="Solver Type" type="string" value="NOX"/>
    <Parameter name="Print Convergence Stats" type="bool" value="0"/>
    <ParameterList name="Stochastic Galerkin">
      <Parameter name="Save Moments" type="int" value="2"/>
      <ParameterList name="SG Parameters">
	<Parameter name="Number of SG Parameter Vectors" type="int" value="2"/>
	<ParameterList name="SG Parameter Vector 0">
	  <Parameter name="Parameter Vector Index" type="int" value="0"/>
	  <Parameter name="Parameter 0 Initial Expansion Coefficients" type="Array(double)" value="{ 0.0, 1.0, 0.0, 0.0, 0.0 }"/>
	  <Parameter name="Parameter 1 Initial Expansion Coefficients" type="Array(double)" value="{ 0.0, 0.0, 1.0, 0.0, 0.0 }"/>
	</ParameterList>
	<ParameterList name="SG Parameter Vector 1">
	  <Parameter name="Parameter Vector Index" type="int" value="1"/>
	  <Parameter name="Parameter 0 Initial Expansion Coefficients" type="Array(double)" value="{ 0.0, 0.0, 0.0, 1.0, 0.0 }"/>
	  <Parameter name="Parameter 1 Initial Expansion Coefficients" type="Array(double)" value="{ 0.0, 0.0, 0.0, 0.0, 1.0 }"/>
	</ParameterList>
      </ParameterList>
      <ParameterList name="Basis">
	<Parameter name="Isotropic" type="bool" value="true"/>
	<Parameter name="Type" type="string" value="Legendre"/>
	<Parameter name="Order" type="int" value="3"/>
	<Parameter name="Dimension" type="int" value="4"/>
	<Parameter name="Normalize" type="bool" value="false"/>
	<Parameter name="Cijk Drop Tolerance" type="double" value="1e-12"/>
      </ParameterList>
      <ParameterList name="Quadrature">
	<!--Parameter name="Type" type="string" value="Tensor Product"/-->
	<Parameter name="Type" type="string" value="Sparse Grid"/>
      </ParameterList>
      <Parameter name="SG Method" type="string" value="Direct"/>
      <ParameterList name="Expansion">
	<Parameter name="Type" type="string" value="Quadrature"/>
      </ParameterList>
      <Parameter name="Triple Product Size" type="string" 
		 value="Full"/>
      <ParameterList name="SG Solver Parameters">    
	<Parameter name="SG Solver Algorithm" type="string" value="Krylov"/>    
	<Parameter name="Jacobian Expansion Type" type="string" 
		   value="Full"/>
	<Parameter name="Parameter Expansion Type" type="string" 
		   value="Full"/>
	<ParameterList name="SG Operator">
	  <Parameter name="Operator Method" type="string" value="Matrix Free"/>
	</ParameterList>
	<ParameterList name="SG Preconditioner">
	  <Parameter name="Preconditioner Method" type="string" value="Approximate Gauss-Seidel"/>
	  <Parameter name="Symmetric Gauss-Seidel" type="bool" value="0"/>
	  <Parameter name="Mean Preconditioner Type" type="string" value="Ifpack"/>
	  <ParameterList name="Mean Preconditioner Parameters">
	    <Parameter name="default values" type="string" value="SA"/>
	    <Parameter name="smoother: type" type="string" 
		       value="ML symmetric Gauss-Seidel"/>
	    <Parameter name="smoother: pre or post" type="string" 
		       value="both"/>
	    <Parameter name="coarse: type" type="string" value="Amesos-KLU"/>
	  </ParameterList>
	</ParameterList>
      </ParameterList>
    </ParameterList>
    <ParameterList name="NOX">
      <Parameter name="Reset Initial Guess" type="bool" value="1"/>
      <ParameterList name="Status Tests">
	<Parameter name="Test Type" type="string" value="Combo"/>
	<Parameter name="Combo Type" type="string" value="OR"/>
	<Parameter name="Number of Tests" type="int" value="2"/>
	<ParameterList name="Test 0">
	  <Parameter name="Test Type" type="string" value="Combo"/>
	  <Parameter name="Combo Type" type="string" value="AND"/>
	  <Parameter name="Number of Tests" type="int" value="2"/>
	  <ParameterList name="Test 0">
	    <Parameter name="Test Type" type="string" value="NormF"/>
	    <Parameter name="Norm Type" type="string" value="Two Norm"/>
	    <Parameter name="Scale Type" type="string" value="Scaled"/>
	    <Parameter name="Tolerance" type="double" value="1e-8"/>
	  </ParameterList>
	  <ParameterList name="Test 1">
	    <Parameter name="Test Type" type="string" value="NormWRMS"/>
	    <Parameter name="Absolute Tolerance" type="double" value="1e-8"/>
	    <Parameter name="Relative Tolerance" type="double" value="1e-10"/>
	  </ParameterList>
	</ParameterList>
	<ParameterList name="Test 1">
	  <Parameter name="Test Type" type="string" value="MaxIters"/>
	  <Parameter name="Maximum Iterations" type="int" value="10"/>
	</ParameterList>
      </ParameterList>
      <ParameterList name="Direction">
	<Parameter name="Method" type="string" value="Newton"/>
	<ParameterList name="Newton">
	  <ParameterList name="Linear Solver">
	    <Parameter name="Max Iterations" type="int" value="1000"/>
	    <Parameter name="Tolerance" type="double" value="1e-6"/>
	  </ParameterList>       
	  <Parameter name="Forcing Term Method" type="string" value="Constant"/>
	  <ParameterList name="Stratimikos Linear Solver">
	    <ParameterList name="NOX Stratimikos Options">
	    </ParameterList>
	    <ParameterList name="Stratimikos">
	      <Parameter name="Linear Solver Type" type="string" value="AztecOO"/>
	      <ParameterList name="Linear Solver Types">
		<ParameterList name="AztecOO">
		  <ParameterList name="Forward Solve"> 
		    <ParameterList name="AztecOO Settings">
		      <Parameter name="Aztec Solver" type="string" value="GMRES"/>
		      <Parameter name="Convergence Test" type="string" value="r0"/>
		      <Parameter name="Size of Krylov Subspace" type="int" value="30"/>
		      <Parameter name="Output Frequency" type="int" value="20"/>
		    </ParameterList>
		    <Parameter name="Max Iterations" type="int" value="250"/>
		    <Parameter name="Tolerance" type="double" value="1e-6"/>
		  </ParameterList>
		</ParameterList>
	      </ParameterList>
	      <Parameter name="Preconditioner Type" type="string" value="Ifpack"/>
	      <ParameterList name="Preconditioner Types">
		<ParameterList name="ML">
		  <Parameter name="Base Method Defaults" type="string" 
			     value="none"/>
		  <ParameterList name="ML Settings">
		    <Parameter name="default values" type="string" value="SA"/>
		    <Parameter name="smoother: type" type="string" 
			       value="ML symmetric Gauss-Seidel"/>
		    <Parameter name="smoother: pre or post" type="string" 
			       value="both"/>
		    <Parameter name="coarse: type" type="string" 
			       value="Amesos-KLU"/>
		  </ParameterList>
		</ParameterList>
	      </ParameterList>
	    </ParameterList>
	  </ParameterList>
	  <Parameter name="Rescue Bad Newton Solve" type="bool" value="1"/>
	</ParameterList>
      </ParameterList>
      <ParameterList name="Line Search">
	<ParameterList name="Full Step">
	  <Parameter name="Full Step" type="double" value="1"/>
	</ParameterList>
	<Parameter name="Method" type="string" value="Full Step"/>
      </ParameterList>
      <Parameter name="Nonlinear Solver" type="string" value="Line Search Based"/>
      <ParameterList name="Printing">
	<Parameter name="Output Information" type="int" value="103"/>
	<!--Parameter name="Output Information" type="int" value="127"/-->
	<Parameter name="Output Precision" type="int" value="3"/>
	<Parameter name="Output Processor" type="int" value="0"/>
      </ParameterList>
      <ParameterList name="Solver Options">
	<Parameter name="Status Test Check Type" type="string" value="Minimal"/>
      </ParameterList>
    </ParameterList>
  </ParameterList>

  <ParameterList name="Regression Results">
    <Parameter  name="Number of Comparisons" type="int" value="0"/>
    <Parameter  name="Number of Sensitivity Comparisons" type="int" value="0"/>
    <Parameter  name="Number of Dakota Comparisons" type="int" value="0"/>
    <Parameter  name="Number of Stochastic Galerkin Comparisons" type="int" value="0"/>
    <Parameter  name="Number of Stochastic Galerkin Mean Comparisons" type="int" value="0"/>
    <Parameter  name="Stochastic Galerkin Mean Test Values" type="Array(double)" value="{242.128, 307.119}"/>
    <Parameter  name="Number of Stochastic Galerkin Standard Deviation Comparisons" type="int" value="0"/>
    <Parameter  name="Stochastic Galerkin Standard Deviation Test Values" type="Array(double)" value="{10.5312, 0.426283}"/>
    <Parameter  name="Absolute Tolerance" type="double" value="1.0e-8"/>
    <Parameter  name="Relative Tolerance" type="double" value="1.0e-3"/>
  </ParameterList>
</ParameterList>

Heat input file:<ParameterList>
  <ParameterList name="Problem">
    <Parameter name="Name" type="string" value="NavierStokes 2D"/>
    <ParameterList name="Flow">
      <Parameter name="Variable Type" type="string" value="None"/>
    </ParameterList>
    <ParameterList name="Heat">
      <Parameter name="Variable Type" type="string" value="DOF"/>
    </ParameterList>
    <ParameterList name="Neutronics">
      <Parameter name="Variable Type" type="string" value="Constant"/>
      <Parameter name="Value" type="double" value="365.0"/>
    </ParameterList>
    <ParameterList name="Fission Cross Section">
      <Parameter name="Type" type="string" value="Constant"/>
      <Parameter name="Value" type="double" value="0.0111"/> 
    </ParameterList>
    <ParameterList name="Energy Released per Fission">
      <Parameter name="Type" type="string" value="Constant"/>
      <Parameter name="Value" type="double" value="3.20435"/> 
    </ParameterList>
    <Parameter name="Have Pressure Stabilization" type="bool" value="0"/>
    <Parameter name="Have SUPG Stabilization" type="bool" value="0"/>
    <Parameter name="Solution Method" type="string" value="Steady"/>
    <Parameter name="Stochastic" type="bool" value="false"/>
    <Parameter name="Number of Spatial Processors" type="int" value="-1"/>
    <ParameterList name="Dirichlet BCs">
      <Parameter name="DBC on NS NodeSet0 for DOF T" type="double" value="300.0"/>
      <Parameter name="DBC on NS NodeSet1 for DOF T" type="double" value="300.0"/>
      <Parameter name="DBC on NS NodeSet2 for DOF T" type="double" value="300.0"/>
      <Parameter name="DBC on NS NodeSet3 for DOF T" type="double" value="300.0"/>
    </ParameterList>
    <ParameterList name="Source Functions">
      <ParameterList name="Neutron Fission">
      </ParameterList>
    </ParameterList>
    <ParameterList name="Thermal Conductivity">
      <Parameter name="Type" type="string"
		 value="Truncated KL Expansion"/>
      <Parameter name="Number of KL Terms" type="int" value="2"/>
      <Parameter name="Mean" type="double" value="10.0"/>
      <Parameter name="Standard Deviation" type="double" value="5.0"/>
      <Parameter name="Domain Lower Bounds" type="string" value="{0.0}"/>
      <Parameter name="Domain Upper Bounds" type="string" value="{10.0}"/>
      <Parameter name="Correlation Lengths" type="string" value="{6.0}"/>
    </ParameterList>
    <ParameterList name="Parameters">
      <Parameter name="Number of Parameter Vectors" type="int" value="2"/>
      <ParameterList name="Parameter Vector 0">
	<Parameter name="Number" type="int" value="1"/>
	<Parameter name="Parameter 0" type="string" value="Neutron Flux"/>
      </ParameterList>
      <ParameterList name="Parameter Vector 1">
	<Parameter name="Number" type="int" value="2"/>
	<Parameter name="Parameter 0" type="string"
		   value="Thermal Conductivity KL Random Variable 0"/>
	<Parameter name="Parameter 1" type="string"
		   value="Thermal Conductivity KL Random Variable 1"/>
	<Parameter name="Parameter 2" type="string"
		   value="Thermal Conductivity KL Random Variable 2"/>
	<Parameter name="Parameter 3" type="string"
		   value="Thermal Conductivity KL Random Variable 3"/>
	<Parameter name="Parameter 4" type="string"
		   value="Thermal Conductivity KL Random Variable 4"/>
	<Parameter name="Parameter 5" type="string"
		   value="Thermal Conductivity KL Random Variable 5"/>
	<Parameter name="Parameter 6" type="string"
		   value="Thermal Conductivity KL Random Variable 6"/>
	<Parameter name="Parameter 7" type="string"
		   value="Thermal Conductivity KL Random Variable 7"/>
	<Parameter name="Parameter 8" type="string"
		   value="Thermal Conductivity KL Random Variable 8"/>
	<Parameter name="Parameter 9" type="string"
		   value="Thermal Conductivity KL Random Variable 9"/>
      </ParameterList>
    </ParameterList>    
    <ParameterList name="Response Functions">
      <Parameter name="Number" type="int" value="1"/>
      <Parameter name="Response 0" type="string" value="Solution Average"/>
    </ParameterList>
  </ParameterList>
  <ParameterList name="Discretization">
    <Parameter name="1D Elements" type="int" value="32"/>
    <Parameter name="2D Elements" type="int" value="32"/>
    <Parameter name="1D Scale" type="double" value="10.0"/>
    <Parameter name="2D Scale" type="double" value="10.0"/>
    <Parameter name="Method" type="string" value="STK2D"/>
    <!--Parameter name="Exodus Output File Name" type="string" value="sgheat_out.exo"/-->
  </ParameterList>
  <ParameterList name="Regression Results">
    <Parameter  name="Number of Comparisons" type="int" value="0"/>
    <Parameter  name="Number of Sensitivity Comparisons" type="int" value="0"/>
    <Parameter  name="Number of Dakota Comparisons" type="int" value="0"/>
    <Parameter  name="Number of Stochastic Galerkin Comparisons" type="int" value="0"/>
    <Parameter  name="Stochastic Galerkin Expansion Test Values 0" type="Array(double)"
    value="{1.1867, -0.02865, -0.007762, 0.008780, 0.002895, 0.0007957, -0.002302, -0.0006913, -0.0009845, -4.562e-05}"/>
    <Parameter  name="Relative Tolerance" type="double" value="1.0e-3"/>
  </ParameterList>

  <ParameterList name="Piro">
    <Parameter name="Print Convergence Stats" type="bool" value="0"/>
    <Parameter name="Solver Type" type="string" value="NOX"/>
    <ParameterList name="Stochastic Galerkin">
      <Parameter name="Save Moments" type="int" value="2"/>
      <ParameterList name="SG Parameters">
	<Parameter name="Number of SG Parameter Vectors" type="int" value="1"/>
	<ParameterList name="SG Parameter Vector 0">
	  <Parameter name="Parameter Vector Index" type="int" value="1"/>
	</ParameterList>
      </ParameterList>
      <ParameterList name="Basis">
	<Parameter name="Isotropic" type="bool" value="true"/>
	<Parameter name="Type" type="string" value="Legendre"/>
	<Parameter name="Order" type="int" value="3"/>
	<Parameter name="Dimension" type="int" value="4"/>
	<Parameter name="Normalize" type="bool" value="false"/>
	<Parameter name="Cijk Drop Tolerance" type="double" value="1e-12"/>
      </ParameterList>
      <ParameterList name="Quadrature">
	<!--Parameter name="Type" type="string" value="Tensor Product"/-->
	<Parameter name="Type" type="string" value="Sparse Grid"/>
      </ParameterList>
      <!--Parameter name="SG Method" type="string" value="AD"/-->
      <Parameter name="SG Method" type="string" value="Non-intrusive"/>
      <ParameterList name="Expansion">
	<Parameter name="Type" type="string" value="Quadrature"/>
      </ParameterList>
      <Parameter name="Triple Product Size" type="string" 
		 value="Full"/>
      <ParameterList name="SG Solver Parameters">    
	<Parameter name="SG Solver Algorithm" type="string" value="Krylov"/>    
	<Parameter name="Jacobian Expansion Type" type="string" 
		   value="Full"/>
	<Parameter name="Parameter Expansion Type" type="string" 
		   value="Full"/>
	<ParameterList name="SG Operator">
	  <Parameter name="Operator Method" type="string" value="Matrix Free"/>
	</ParameterList>
	<ParameterList name="SG Preconditioner">
	  <Parameter name="Preconditioner Method" type="string" value="Approximate Gauss-Seidel"/>
	  <Parameter name="Symmetric Gauss-Seidel" type="bool" value="0"/>
	  <Parameter name="Mean Preconditioner Type" type="string" value="ML"/>
	  <ParameterList name="Mean Preconditioner Parameters">
	    <Parameter name="default values" type="string" value="SA"/>
	    <Parameter name="smoother: type" type="string" 
		       value="ML symmetric Gauss-Seidel"/>
	    <Parameter name="smoother: pre or post" type="string" 
		       value="both"/>
	    <Parameter name="coarse: type" type="string" value="Amesos-KLU"/>
	  </ParameterList>
	</ParameterList>
      </ParameterList>
    </ParameterList>
    <ParameterList name="NOX">
      <ParameterList name="Status Tests">
	<Parameter name="Test Type" type="string" value="Combo"/>
	<Parameter name="Combo Type" type="string" value="OR"/>
	<Parameter name="Number of Tests" type="int" value="2"/>
	<ParameterList name="Test 0">
	  <Parameter name="Test Type" type="string" value="Combo"/>
	  <Parameter name="Combo Type" type="string" value="AND"/>
	  <Parameter name="Number of Tests" type="int" value="2"/>
	  <ParameterList name="Test 0">
	    <Parameter name="Test Type" type="string" value="NormF"/>
	    <Parameter name="Norm Type" type="string" value="Two Norm"/>
	    <Parameter name="Scale Type" type="string" value="Scaled"/>
	    <Parameter name="Tolerance" type="double" value="1e-8"/>
	  </ParameterList>
	  <ParameterList name="Test 1">
	    <Parameter name="Test Type" type="string" value="NormWRMS"/>
	    <Parameter name="Absolute Tolerance" type="double" value="1e-8"/>
	    <Parameter name="Relative Tolerance" type="double" value="1e-12"/>
	  </ParameterList>
	</ParameterList>
	<ParameterList name="Test 1">
	  <Parameter name="Test Type" type="string" value="MaxIters"/>
	  <Parameter name="Maximum Iterations" type="int" value="10"/>
	</ParameterList>
      </ParameterList>
      <ParameterList name="Direction">
	<Parameter name="Method" type="string" value="Newton"/>
	<ParameterList name="Newton">
	  <ParameterList name="Linear Solver">
	    <Parameter name="Max Iterations" type="int" value="1000"/>
	    <Parameter name="Tolerance" type="double" value="1e-6"/>
	  </ParameterList>       
	  <Parameter name="Forcing Term Method" type="string" value="Constant"/>
	  <ParameterList name="Stratimikos Linear Solver">
	    <ParameterList name="NOX Stratimikos Options">
	    </ParameterList>
	    <ParameterList name="Stratimikos">
	      <Parameter name="Linear Solver Type" type="string" value="AztecOO"/>
	      <ParameterList name="Linear Solver Types">
		<ParameterList name="AztecOO">
		  <ParameterList name="Forward Solve"> 
		    <ParameterList name="AztecOO Settings">
		      <Parameter name="Aztec Solver" type="string" value="GMRES"/>
		      <Parameter name="Convergence Test" type="string" value="r0"/>
		      <Parameter name="Size of Krylov Subspace" type="int" value="30"/>
		      <Parameter name="Output Frequency" type="int" value="20"/>
		    </ParameterList>
		    <Parameter name="Max Iterations" type="int" value="250"/>
		    <Parameter name="Tolerance" type="double" value="1e-6"/>
		  </ParameterList>
		  <ParameterList name="VerboseObject"> 
		    <Parameter name="Verbosity Level" type="string" 
			       value="none"/>
		  </ParameterList>
		</ParameterList>
	      </ParameterList>
	      <Parameter name="Preconditioner Type" type="string" value="ML"/>
	      <ParameterList name="Preconditioner Types">
		<ParameterList name="ML">
		  <Parameter name="Base Method Defaults" type="string" 
			     value="none"/>
		  <ParameterList name="ML Settings">
		    <Parameter name="default values" type="string" value="SA"/>
		    <Parameter name="smoother: type" type="string" 
			       value="ML symmetric Gauss-Seidel"/>
		    <Parameter name="smoother: pre or post" type="string" 
			       value="both"/>
		    <Parameter name="coarse: type" type="string" 
			       value="Amesos-KLU"/>
		  </ParameterList>
		</ParameterList>
	      </ParameterList>
	    </ParameterList>
	  </ParameterList>
	  <Parameter name="Rescue Bad Newton Solve" type="bool" value="1"/>
	</ParameterList>
      </ParameterList>
      <ParameterList name="Line Search">
	<ParameterList name="Full Step">
	  <Parameter name="Full Step" type="double" value="1"/>
	</ParameterList>
	<Parameter name="Method" type="string" value="Full Step"/>
      </ParameterList>
      <Parameter name="Nonlinear Solver" type="string" value="Line Search Based"/>
      <ParameterList name="Printing">
	<!--Parameter name="Output Information" type="int" value="103"/-->
	<Parameter name="Output Information" type="int" value="0"/>
	<!--Parameter name="Output Information" type="int" value="127"/-->
	<Parameter name="Output Precision" type="int" value="3"/>
	<Parameter name="Output Processor" type="int" value="0"/>
      </ParameterList>
      <ParameterList name="Solver Options">
	<Parameter name="Status Test Check Type" type="string" value="Minimal"/>
      </ParameterList>
    </ParameterList>
  </ParameterList>

</ParameterList>

Neut Input file:<ParameterList>
  <ParameterList name="Problem">
    <Parameter name="Name" type="string" value="NavierStokes 2D"/>
    <ParameterList name="Flow">
      <Parameter name="Variable Type" type="string" value="None"/>
    </ParameterList>
    <ParameterList name="Heat">
      <Parameter name="Variable Type" type="string" value="Constant"/>
      <Parameter name="Value" type="double" value="300"/> 
    </ParameterList>
    <ParameterList name="Neutronics">
      <Parameter name="Variable Type" type="string" value="DOF"/>
    </ParameterList>
    <ParameterList name="Neutron Diffusion Coefficient">
      <Parameter name="Type" type="string" value="Transport Mean Free Path"/>
    </ParameterList>
    <ParameterList name="Absorption Cross Section">
      <Parameter name="Type" type="string" value="invSQRT Temperature Dependent"/>
      <Parameter name="Reference Value" type="double" value="0.0156"/> 
      <Parameter name="Reference Temperature" type="double" value="300"/>
    </ParameterList>
    <ParameterList name="Fission Cross Section">
      <Parameter name="Type" type="string" value="invSQRT Temperature Dependent"/>
      <Parameter name="Reference Value" type="double" value="0.0111"/> 
      <Parameter name="Reference Temperature" type="double" value="300"/>
    </ParameterList>
    <ParameterList name="Scattering Cross Section">
      <Parameter name="Type" type="string" value="Constant"/>
      <Parameter name="Value" type="double" value="0.7632"/> 
    </ParameterList>
    <ParameterList name="Neutrons per Fission">
      <Parameter name="Type" type="string" value="Constant"/>
      <Parameter name="Value" type="double" value="2.2"/> 
    </ParameterList>
    <ParameterList name="Neutron Source">
      <ParameterList name="Truncated KL Expansion">
	<Parameter name="Number of KL Terms" type="int" value="2"/>
	<Parameter name="Mean" type="double" value="10.0"/>
	<Parameter name="Standard Deviation" type="double" value="5.0"/>
	<Parameter name="Domain Lower Bounds" type="string" value="{0.0}"/>
	<Parameter name="Domain Upper Bounds" type="string" value="{10.0}"/>
	<Parameter name="Correlation Lengths" type="string" value="{4.0}"/>
      </ParameterList>
    </ParameterList>
    <Parameter name="Have Pressure Stabilization" type="bool" value="0"/>
    <Parameter name="Have SUPG Stabilization" type="bool" value="0"/>
    <Parameter name="Solution Method" type="string" value="Steady"/>
    <Parameter name="Stochastic" type="bool" value="false"/>
    <Parameter name="Number of Spatial Processors" type="int" value="-1"/>
    <ParameterList name="Dirichlet BCs">
      <Parameter name="DBC on NS NodeSet0 for DOF phi" type="double" value="0.0"/>
      <Parameter name="DBC on NS NodeSet1 for DOF phi" type="double" value="0.0"/>
      <Parameter name="DBC on NS NodeSet2 for DOF phi" type="double" value="0.0"/>
      <Parameter name="DBC on NS NodeSet3 for DOF phi" type="double" value="0.0"/>
    </ParameterList>
    <ParameterList name="Parameters">
      <Parameter name="Number of Parameter Vectors" type="int" value="2"/>
      <ParameterList name="Parameter Vector 0">
	<Parameter name="Number" type="int" value="1"/>
	<Parameter name="Parameter 0" type="string" value="Temperature"/>
      </ParameterList>
      <ParameterList name="Parameter Vector 1">
	<Parameter name="Number" type="int" value="2"/>
	<Parameter name="Parameter 0" type="string"
		   value="Neutron Source KL Random Variable 0"/>
	<Parameter name="Parameter 1" type="string"
		   value="Neutron Source KL Random Variable 1"/>
	<Parameter name="Parameter 2" type="string"
		   value="Neutron Source KL Random Variable 2"/>
	<Parameter name="Parameter 3" type="string"
		   value="Neutron Source KL Random Variable 3"/>
	<Parameter name="Parameter 4" type="string"
		   value="Neutron Source KL Random Variable 4"/>
	<Parameter name="Parameter 5" type="string"
		   value="Neutron Source KL Random Variable 5"/>
	<Parameter name="Parameter 6" type="string"
		   value="Neutron Source KL Random Variable 6"/>
	<Parameter name="Parameter 7" type="string"
		   value="Neutron Source KL Random Variable 7"/>
	<Parameter name="Parameter 8" type="string"
		   value="Neutron Source KL Random Variable 8"/>
	<Parameter name="Parameter 9" type="string"
		   value="Neutron Source KL Random Variable 9"/>
      </ParameterList>
    </ParameterList>    
    <ParameterList name="Response Functions">
      <Parameter name="Number" type="int" value="1"/>
      <Parameter name="Response 0" type="string" value="Solution Average"/>
    </ParameterList>
  </ParameterList>
  <ParameterList name="Discretization">
    <Parameter name="1D Elements" type="int" value="32"/>
    <Parameter name="2D Elements" type="int" value="32"/>
    <Parameter name="1D Scale" type="double" value="10.0"/>
    <Parameter name="2D Scale" type="double" value="10.0"/>
    <Parameter name="Method" type="string" value="STK2D"/>
    <!--Parameter name="Exodus Output File Name" type="string" value="sgheat_out.exo"/-->
  </ParameterList>
  <ParameterList name="Regression Results">
    <Parameter  name="Number of Comparisons" type="int" value="0"/>
    <Parameter  name="Test Values" type="Array(double)" value="{4.8729}"/>
    <Parameter  name="Relative Tolerance" type="double" value="1.0e-3"/>
    <Parameter  name="Number of Sensitivity Comparisons" type="int" value="0"/>
    <Parameter  name="Sensitivity Test Values 0" type="Array(double)"
		value="{0.005621}"/>
    <Parameter  name="Number of Dakota Comparisons" type="int" value="0"/>
  </ParameterList>
  <ParameterList name="VTK">
    <Parameter name="Do Visualization" type="bool" value="0"/>
    <Parameter name="Visualize Sensitivities" type="bool" value="0"/>
  </ParameterList>
  <ParameterList name="Piro">
    <Parameter name="Print Convergence Stats" type="bool" value="0"/>
    <Parameter name="Solver Type" type="string" value="NOX"/>
    <ParameterList name="Stochastic Galerkin">
      <Parameter name="Save Moments" type="int" value="2"/>
      <ParameterList name="SG Parameters">
	<Parameter name="Number of SG Parameter Vectors" type="int" value="1"/>
	<ParameterList name="SG Parameter Vector 0">
	  <Parameter name="Parameter Vector Index" type="int" value="1"/>
	</ParameterList>
      </ParameterList>
      <ParameterList name="Basis">
	<Parameter name="Isotropic" type="bool" value="true"/>
	<Parameter name="Type" type="string" value="Legendre"/>
	<Parameter name="Order" type="int" value="3"/>
	<Parameter name="Dimension" type="int" value="4"/>
	<Parameter name="Normalize" type="bool" value="false"/>
	<Parameter name="Cijk Drop Tolerance" type="double" value="1e-12"/>
      </ParameterList>
      <ParameterList name="Quadrature">
	<!--Parameter name="Type" type="string" value="Tensor Product"/-->
	<Parameter name="Type" type="string" value="Sparse Grid"/>
      </ParameterList>
      <!--Parameter name="SG Method" type="string" value="AD"/-->
      <Parameter name="SG Method" type="string" value="Non-intrusive"/>      
      <ParameterList name="Expansion">
	<Parameter name="Type" type="string" value="Quadrature"/>
      </ParameterList>
      <Parameter name="Triple Product Size" type="string" 
		 value="Full"/>
      <ParameterList name="SG Solver Parameters">    
	<Parameter name="SG Solver Algorithm" type="string" value="Krylov"/>    
	<Parameter name="Jacobian Expansion Type" type="string" 
		   value="Full"/>
	<Parameter name="Parameter Expansion Type" type="string" 
		   value="Full"/>
	<ParameterList name="SG Operator">
	  <Parameter name="Operator Method" type="string" value="Matrix Free"/>
	</ParameterList>
	<ParameterList name="SG Preconditioner">
	  <Parameter name="Preconditioner Method" type="string" value="Approximate Gauss-Seidel"/>
	  <Parameter name="Symmetric Gauss-Seidel" type="bool" value="0"/>
	  <Parameter name="Mean Preconditioner Type" type="string" value="ML"/>
	  <ParameterList name="Mean Preconditioner Parameters">
	    <Parameter name="default values" type="string" value="SA"/>
	    <Parameter name="smoother: type" type="string" 
		       value="ML symmetric Gauss-Seidel"/>
	    <Parameter name="smoother: pre or post" type="string" 
		       value="both"/>
	    <Parameter name="coarse: type" type="string" value="Amesos-KLU"/>
	  </ParameterList>
	</ParameterList>
      </ParameterList>
    </ParameterList>
    <ParameterList name="NOX">
      <ParameterList name="Status Tests">
	<Parameter name="Test Type" type="string" value="Combo"/>
	<Parameter name="Combo Type" type="string" value="OR"/>
	<Parameter name="Number of Tests" type="int" value="2"/>
	<ParameterList name="Test 0">
	  <Parameter name="Test Type" type="string" value="Combo"/>
	  <Parameter name="Combo Type" type="string" value="AND"/>
	  <Parameter name="Number of Tests" type="int" value="2"/>
	  <ParameterList name="Test 0">
	    <Parameter name="Test Type" type="string" value="NormF"/>
	    <Parameter name="Norm Type" type="string" value="Two Norm"/>
	    <Parameter name="Scale Type" type="string" value="Scaled"/>
	    <Parameter name="Tolerance" type="double" value="1e-8"/>
	  </ParameterList>
	  <ParameterList name="Test 1">
	    <Parameter name="Test Type" type="string" value="NormWRMS"/>
	    <Parameter name="Absolute Tolerance" type="double" value="1e-8"/>
	    <Parameter name="Relative Tolerance" type="double" value="1e-12"/>
	  </ParameterList>
	</ParameterList>
	<ParameterList name="Test 1">
	  <Parameter name="Test Type" type="string" value="MaxIters"/>
	  <Parameter name="Maximum Iterations" type="int" value="20"/>
	</ParameterList>
      </ParameterList>
      <ParameterList name="Direction">
	<Parameter name="Method" type="string" value="Newton"/>
	<ParameterList name="Newton">
	  <Parameter name="Forcing Term Method" type="string" value="Constant"/>
	  <ParameterList name="Linear Solver">
	    <Parameter name="Write Linear System" type="bool" value="false"/>
	  </ParameterList>
	  <ParameterList name="Stratimikos Linear Solver">
	    <ParameterList name="NOX Stratimikos Options">
	    </ParameterList>
	    <ParameterList name="Stratimikos">
	      <Parameter name="Linear Solver Type" type="string" value="AztecOO"/>
	      <ParameterList name="Linear Solver Types">
		<ParameterList name="AztecOO">
		  <ParameterList name="Forward Solve"> 
		    <ParameterList name="AztecOO Settings">
		      <Parameter name="Aztec Solver" type="string" value="GMRES"/>
		      <Parameter name="Convergence Test" type="string" value="r0"/>
		      <Parameter name="Size of Krylov Subspace" type="int" value="50"/>
		      <Parameter name="Output Frequency" type="int" value="20"/>
		    </ParameterList>
		    <Parameter name="Max Iterations" type="int" value="250"/>
		    <Parameter name="Tolerance" type="double" value="1e-6"/>
		  </ParameterList>
		  <ParameterList name="VerboseObject"> 
		    <Parameter name="Verbosity Level" type="string" 
			       value="none"/>
		  </ParameterList>
		</ParameterList>
	      </ParameterList>
	      <Parameter name="Preconditioner Type" type="string" value="Ifpack"/>
	      <ParameterList name="Preconditioner Types">
		<ParameterList name="ML">
		  <Parameter name="Base Method Defaults" type="string" 
			     value="none"/>
		  <ParameterList name="ML Settings">
		    <Parameter name="default values" type="string" value="SA"/>
		    <Parameter name="smoother: type" type="string" 
			       value="ML symmetric Gauss-Seidel"/>
		    <Parameter name="smoother: pre or post" type="string" 
			       value="both"/>
		    <Parameter name="coarse: type" type="string" 
			       value="Amesos-KLU"/>
		    <Parameter name="PDE equations" type="int" 
			       value="4"/>
		  </ParameterList>
		</ParameterList>
	      </ParameterList>
	    </ParameterList>
	  </ParameterList>

	  <Parameter name="Rescue Bad Newton Solve" type="bool" value="1"/>
	</ParameterList>
      </ParameterList>
      <ParameterList name="Line Search">
	<ParameterList name="Full Step">
	  <Parameter name="Full Step" type="double" value="1"/>
	</ParameterList>
	<Parameter name="Method" type="string" value="Full Step"/>
      </ParameterList>
      <Parameter name="Nonlinear Solver" type="string" value="Line Search Based"/>
      <ParameterList name="Printing">
	<!--Parameter name="Output Information" type="int" value="103"/-->
	<Parameter name="Output Information" type="int" value="0"/>
	<!--Parameter name="Output Information" type="int" value="127"/-->
	<Parameter name="Output Precision" type="int" value="3"/>
	<Parameter name="Output Processor" type="int" value="0"/>
      </ParameterList>
      <ParameterList name="Solver Options">
	<Parameter name="Status Test Check Type" type="string" value="Minimal"/>
      </ParameterList>
    </ParameterList>
  </ParameterList>
</ParameterList>
mpirun -np 1 /Users/etphipp/development/Albany/build/opt_mpi/src/AlbanySGCoupled input_network_coupled_sg_red.xml >> albany_sg_red_32_2_3.out 2>&1
Teuchos::GlobalMPISession::GlobalMPISession(): started processor with name antero.sandia.gov and rank 0!
Basis size = 35
Quadrature size = 201
Processor 0 is on subdomain 0 and owns 35 time steps, starting with 0
Navier-Stokes problem:
	Spatial dimension:      2
	Flow variables:         None
	Heat variables:         DOF
	Neutronics variables:   Constant
	Pressure stabilization: 0
	Upwind stabilization:   0
	Porous media:           0
TmplSTKMeshStruct:: Creating 2D mesh of size 32x32 elements and scaled to 10x10
CellTopology is Quadrilateral_4 with nodes 4  dim 2
Field Dimensions: Workset=49, Vertices= 4, Nodes= 4, QuadPts= 4, Dim= 2
CellTopology is Quadrilateral_4 with nodes 4  dim 2
Field Dimensions: Workset=49, Vertices= 4, Nodes= 4, QuadPts= 4, Dim= 2
CellTopology is Quadrilateral_4 with nodes 4  dim 2
Field Dimensions: Workset=49, Vertices= 4, Nodes= 4, QuadPts= 4, Dim= 2
CellTopology is Quadrilateral_4 with nodes 4  dim 2
Field Dimensions: Workset=49, Vertices= 4, Nodes= 4, QuadPts= 4, Dim= 2
CellTopology is Quadrilateral_4 with nodes 4  dim 2
Field Dimensions: Workset=49, Vertices= 4, Nodes= 4, QuadPts= 4, Dim= 2
CellTopology is Quadrilateral_4 with nodes 4  dim 2
Field Dimensions: Workset=49, Vertices= 4, Nodes= 4, QuadPts= 4, Dim= 2
CellTopology is Quadrilateral_4 with nodes 4  dim 2
Field Dimensions: Workset=49, Vertices= 4, Nodes= 4, QuadPts= 4, Dim= 2
CellTopology is Quadrilateral_4 with nodes 4  dim 2
Field Dimensions: Workset=49, Vertices= 4, Nodes= 4, QuadPts= 4, Dim= 2
CellTopology is Quadrilateral_4 with nodes 4  dim 2
Field Dimensions: Workset=49, Vertices= 4, Nodes= 4, QuadPts= 4, Dim= 2
CellTopology is Quadrilateral_4 with nodes 4  dim 2
Field Dimensions: Workset=49, Vertices= 4, Nodes= 4, QuadPts= 4, Dim= 2
CellTopology is Quadrilateral_4 with nodes 4  dim 2
Field Dimensions: Workset=49, Vertices= 4, Nodes= 4, QuadPts= 4, Dim= 2
CellTopology is Quadrilateral_4 with nodes 4  dim 2
Field Dimensions: Workset=49, Vertices= 4, Nodes= 4, QuadPts= 4, Dim= 2
CellTopology is Quadrilateral_4 with nodes 4  dim 2
Field Dimensions: Workset=49, Vertices= 4, Nodes= 4, QuadPts= 4, Dim= 2
CellTopology is Quadrilateral_4 with nodes 4  dim 2
Field Dimensions: Workset=49, Vertices= 4, Nodes= 4, QuadPts= 4, Dim= 2
CellTopology is Quadrilateral_4 with nodes 4  dim 2
Field Dimensions: Workset=49, Vertices= 4, Nodes= 4, QuadPts= 4, Dim= 2
CellTopology is Quadrilateral_4 with nodes 4  dim 2
Field Dimensions: Workset=49, Vertices= 4, Nodes= 4, QuadPts= 4, Dim= 2
CellTopology is Quadrilateral_4 with nodes 4  dim 2
Field Dimensions: Workset=49, Vertices= 4, Nodes= 4, QuadPts= 4, Dim= 2
CellTopology is Quadrilateral_4 with nodes 4  dim 2
Field Dimensions: Workset=49, Vertices= 4, Nodes= 4, QuadPts= 4, Dim= 2
STKDisc: 1024 elements on Proc 0 
STKDisc: nodeset NodeSet0 has size 33  on Proc 0.
STKDisc: nodeset NodeSet1 has size 33  on Proc 0.
STKDisc: nodeset NodeSet2 has size 33  on Proc 0.
STKDisc: nodeset NodeSet3 has size 33  on Proc 0.
STKDisc: sideset SideSet0 has size 32  on Proc 0.
STKDisc: sideset SideSet1 has size 32  on Proc 0.
STKDisc: sideset SideSet2 has size 32  on Proc 0.
STKDisc: sideset SideSet3 has size 32  on Proc 0.

xxxxxxxxxxxxxxxxxxxxxxxxxxxxxxxxxxxxxxxxxxxxxxx
 Sacado ParameterLibrary has been initialized:
 Library of all registered parameters:
	DBC on NS NodeSet0 for DOF T:  Supports AD = 1, Supports_Analytic = 0
	DBC on NS NodeSet1 for DOF T:  Supports AD = 1, Supports_Analytic = 0
	DBC on NS NodeSet2 for DOF T:  Supports AD = 1, Supports_Analytic = 0
	DBC on NS NodeSet3 for DOF T:  Supports AD = 1, Supports_Analytic = 0
	Density:  Supports AD = 1, Supports_Analytic = 0
	Energy Released per Fission:  Supports AD = 1, Supports_Analytic = 0
	Fission Cross Section:  Supports AD = 1, Supports_Analytic = 0
	Neutron Flux:  Supports AD = 1, Supports_Analytic = 0
	Specific Heat:  Supports AD = 1, Supports_Analytic = 0
	Thermal Conductivity KL Random Variable 0:  Supports AD = 1, Supports_Analytic = 0
	Thermal Conductivity KL Random Variable 1:  Supports AD = 1, Supports_Analytic = 0
xxxxxxxxxxxxxxxxxxxxxxxxxxxxxxxxxxxxxxxxxxxxxxx

Number of parameters vectors  = 2
Number of parameters in parameter vector 0 = 1
Number of parameters in parameter vector 1 = 2
Navier-Stokes problem:
	Spatial dimension:      2
	Flow variables:         None
	Heat variables:         Constant
	Neutronics variables:   DOF
	Pressure stabilization: 0
	Upwind stabilization:   0
	Porous media:           0
TmplSTKMeshStruct:: Creating 2D mesh of size 32x32 elements and scaled to 10x10
CellTopology is Quadrilateral_4 with nodes 4  dim 2
Field Dimensions: Workset=49, Vertices= 4, Nodes= 4, QuadPts= 4, Dim= 2
CellTopology is Quadrilateral_4 with nodes 4  dim 2
Field Dimensions: Workset=49, Vertices= 4, Nodes= 4, QuadPts= 4, Dim= 2
CellTopology is Quadrilateral_4 with nodes 4  dim 2
Field Dimensions: Workset=49, Vertices= 4, Nodes= 4, QuadPts= 4, Dim= 2
CellTopology is Quadrilateral_4 with nodes 4  dim 2
Field Dimensions: Workset=49, Vertices= 4, Nodes= 4, QuadPts= 4, Dim= 2
CellTopology is Quadrilateral_4 with nodes 4  dim 2
Field Dimensions: Workset=49, Vertices= 4, Nodes= 4, QuadPts= 4, Dim= 2
CellTopology is Quadrilateral_4 with nodes 4  dim 2
Field Dimensions: Workset=49, Vertices= 4, Nodes= 4, QuadPts= 4, Dim= 2
CellTopology is Quadrilateral_4 with nodes 4  dim 2
Field Dimensions: Workset=49, Vertices= 4, Nodes= 4, QuadPts= 4, Dim= 2
CellTopology is Quadrilateral_4 with nodes 4  dim 2
Field Dimensions: Workset=49, Vertices= 4, Nodes= 4, QuadPts= 4, Dim= 2
CellTopology is Quadrilateral_4 with nodes 4  dim 2
Field Dimensions: Workset=49, Vertices= 4, Nodes= 4, QuadPts= 4, Dim= 2
CellTopology is Quadrilateral_4 with nodes 4  dim 2
Field Dimensions: Workset=49, Vertices= 4, Nodes= 4, QuadPts= 4, Dim= 2
CellTopology is Quadrilateral_4 with nodes 4  dim 2
Field Dimensions: Workset=49, Vertices= 4, Nodes= 4, QuadPts= 4, Dim= 2
CellTopology is Quadrilateral_4 with nodes 4  dim 2
Field Dimensions: Workset=49, Vertices= 4, Nodes= 4, QuadPts= 4, Dim= 2
CellTopology is Quadrilateral_4 with nodes 4  dim 2
Field Dimensions: Workset=49, Vertices= 4, Nodes= 4, QuadPts= 4, Dim= 2
CellTopology is Quadrilateral_4 with nodes 4  dim 2
Field Dimensions: Workset=49, Vertices= 4, Nodes= 4, QuadPts= 4, Dim= 2
CellTopology is Quadrilateral_4 with nodes 4  dim 2
Field Dimensions: Workset=49, Vertices= 4, Nodes= 4, QuadPts= 4, Dim= 2
CellTopology is Quadrilateral_4 with nodes 4  dim 2
Field Dimensions: Workset=49, Vertices= 4, Nodes= 4, QuadPts= 4, Dim= 2
CellTopology is Quadrilateral_4 with nodes 4  dim 2
Field Dimensions: Workset=49, Vertices= 4, Nodes= 4, QuadPts= 4, Dim= 2
CellTopology is Quadrilateral_4 with nodes 4  dim 2
Field Dimensions: Workset=49, Vertices= 4, Nodes= 4, QuadPts= 4, Dim= 2
STKDisc: 1024 elements on Proc 0 
STKDisc: nodeset NodeSet0 has size 33  on Proc 0.
STKDisc: nodeset NodeSet1 has size 33  on Proc 0.
STKDisc: nodeset NodeSet2 has size 33  on Proc 0.
STKDisc: nodeset NodeSet3 has size 33  on Proc 0.
STKDisc: sideset SideSet0 has size 32  on Proc 0.
STKDisc: sideset SideSet1 has size 32  on Proc 0.
STKDisc: sideset SideSet2 has size 32  on Proc 0.
STKDisc: sideset SideSet3 has size 32  on Proc 0.

xxxxxxxxxxxxxxxxxxxxxxxxxxxxxxxxxxxxxxxxxxxxxxx
 Sacado ParameterLibrary has been initialized:
 Library of all registered parameters:
	Absorption Cross Section Reference Value:  Supports AD = 1, Supports_Analytic = 0
	Average Scattering Angle:  Supports AD = 1, Supports_Analytic = 0
	DBC on NS NodeSet0 for DOF phi:  Supports AD = 1, Supports_Analytic = 0
	DBC on NS NodeSet1 for DOF phi:  Supports AD = 1, Supports_Analytic = 0
	DBC on NS NodeSet2 for DOF phi:  Supports AD = 1, Supports_Analytic = 0
	DBC on NS NodeSet3 for DOF phi:  Supports AD = 1, Supports_Analytic = 0
	Fission Cross Section Reference Value:  Supports AD = 1, Supports_Analytic = 0
	Neutron Source KL Random Variable 0:  Supports AD = 1, Supports_Analytic = 0
	Neutron Source KL Random Variable 1:  Supports AD = 1, Supports_Analytic = 0
	Neutrons per Fission:  Supports AD = 1, Supports_Analytic = 0
	Reference Temperature:  Supports AD = 1, Supports_Analytic = 0
	Scattering Cross Section:  Supports AD = 1, Supports_Analytic = 0
	Temperature:  Supports AD = 1, Supports_Analytic = 0
xxxxxxxxxxxxxxxxxxxxxxxxxxxxxxxxxxxxxxxxxxxxxxx

Number of parameters vectors  = 2
Number of parameters in parameter vector 0 = 1
Number of parameters in parameter vector 1 = 2
Basis size = 35
Quadrature size = 201
Processor 0 is on subdomain 0 and owns 35 time steps, starting with 0
Basis size = 35
Quadrature size = 201
Processor 0 is on subdomain 0 and owns 35 time steps, starting with 0
Basis size = 20
Quadrature size = 64
Processor 0 is on subdomain 0 and owns 20 time steps, starting with 0
Basis size = 20
Quadrature size = 64
Processor 0 is on subdomain 0 and owns 20 time steps, starting with 0
Eliminating model 1 states...Step Converged
Step Converged
Step Converged
Step Converged
Step Converged
Step Converged
Step Converged
Step Converged
Step Converged
Step Converged
Step Converged
Step Converged
Step Converged
Step Converged
Step Converged
Step Converged
Step Converged
Step Converged
Step Converged
Step Converged
Step Converged
Step Converged
Step Converged
Step Converged
Step Converged
Step Converged
Step Converged
Step Converged
Step Converged
Step Converged
Step Converged
Step Converged
Step Converged
Step Converged
Step Converged
Step Converged
Step Converged
Step Converged
Step Converged
Step Converged
Step Converged
Step Converged
Step Converged
Step Converged
Step Converged
Step Converged
Step Converged
Step Converged
Step Converged
Step Converged
Step Converged
Step Converged
Step Converged
Step Converged
Step Converged
Step Converged
Step Converged
Step Converged
Step Converged
Step Converged
Step Converged
Step Converged
Step Converged
Step Converged
Eliminating model 2 states...Step Converged
Step Converged
Step Converged
Step Converged
Step Converged
Step Converged
Step Converged
Step Converged
Step Converged
Step Converged
Step Converged
Step Converged
Step Converged
Step Converged
Step Converged
Step Converged
Step Converged
Step Converged
Step Converged
Step Converged
Step Converged
Step Converged
Step Converged
Step Converged
Step Converged
Step Converged
Step Converged
Step Converged
Step Converged
Step Converged
Step Converged
Step Converged
Step Converged
Step Converged
Step Converged
Step Converged
Step Converged
Step Converged
Step Converged
Step Converged
Step Converged
Step Converged
Step Converged
Step Converged
Step Converged
Step Converged
Step Converged
Step Converged
Step Converged
Step Converged
Step Converged
Step Converged
Step Converged
Step Converged
Step Converged
Step Converged
Step Converged
Step Converged
Step Converged
Step Converged
Step Converged
Step Converged
Step Converged
Step Converged
************************************************************************
-- Status Test Results --
**...........OR Combination -> 
  **...........AND Combination -> 
    **...........F-Norm = 3.360e+01 < 1.000e-08
                 (Length-Scaled Two-Norm, Absolute Tolerance)
    ??...........WRMS-Norm = 1.000e+12 < 1
  **...........Number of Iterations = 0 < 10
************************************************************************

************************************************************************
-- Nonlinear Solver Step 0 -- 
||F|| = 2.811e+02  step = 0.000e+00  dx = 0.000e+00
************************************************************************

Basis size = 20
Quadrature size = 64
Processor 0 is on subdomain 0 and owns 20 time steps, starting with 0
Basis size = 20
Quadrature size = 64
Processor 0 is on subdomain 0 and owns 20 time steps, starting with 0
Eliminating model 1 states...Step Converged
Step Converged
Step Converged
Step Converged
Step Converged
Step Converged
Step Converged
Step Converged
Step Converged
Step Converged
Step Converged
Step Converged
Step Converged
Step Converged
Step Converged
Step Converged
Step Converged
Step Converged
Step Converged
Step Converged
Step Converged
Step Converged
Step Converged
Step Converged
Step Converged
Step Converged
Step Converged
Step Converged
Step Converged
Step Converged
Step Converged
Step Converged
Step Converged
Step Converged
Step Converged
Step Converged
Step Converged
Step Converged
Step Converged
Step Converged
Step Converged
Step Converged
Step Converged
Step Converged
Step Converged
Step Converged
Step Converged
Step Converged
Step Converged
Step Converged
Step Converged
Step Converged
Step Converged
Step Converged
Step Converged
Step Converged
Step Converged
Step Converged
Step Converged
Step Converged
Step Converged
Step Converged
Step Converged
Step Converged
Eliminating model 2 states...Step Converged
Step Converged
Step Converged
Step Converged
Step Converged
Step Converged
Step Converged
Step Converged
Step Converged
Step Converged
Step Converged
Step Converged
Step Converged
Step Converged
Step Converged
Step Converged
Step Converged
Step Converged
Step Converged
Step Converged
Step Converged
Step Converged
Step Converged
Step Converged
Step Converged
Step Converged
Step Converged
Step Converged
Step Converged
Step Converged
Step Converged
Step Converged
Step Converged
Step Converged
Step Converged
Step Converged
Step Converged
Step Converged
Step Converged
Step Converged
Step Converged
Step Converged
Step Converged
Step Converged
Step Converged
Step Converged
Step Converged
Step Converged
Step Converged
Step Converged
Step Converged
Step Converged
Step Converged
Step Converged
Step Converged
Step Converged
Step Converged
Step Converged
Step Converged
Step Converged
Step Converged
Step Converged
Step Converged
Step Converged

       Creating a new preconditioner

       Time required to create preconditioner : 0.000195 (sec.)

 Solving block system using AztecOO ...
 
 
 		*******************************************************
 		***** Problem: Stokhos Matrix Free Operator
 		***** Preconditioned GMRES solution
 		***** Stokhos Approximate Gauss-Seidel Preconditioner:
 		***** Ifpack_AdditiveSchwarz, ov = 0, local solver = 
 		***** `IFPACK ILU (fill=0, relax=0.000000, athr=0.000000, rthr=1.000000)'
 		***** Condition number estimate = 1.01227
 		***** No scaling
 		*******************************************************
 
                 iter:    0           residual = 1.000000e+00
                 iter:    2           residual = 3.733848e-07
 
 
 		Solution time: 0.003752 (sec.)
 		total iterations: 2
 
 
 Total solve time = 0.00391507 sec
 Basis size = 20
 Quadrature size = 64
 Processor 0 is on subdomain 0 and owns 20 time steps, starting with 0
 Basis size = 20
 Quadrature size = 64
 Processor 0 is on subdomain 0 and owns 20 time steps, starting with 0
 Eliminating model 1 states...Step Converged
Step Converged
Step Converged
Step Converged
Step Converged
Step Converged
Step Converged
Step Converged
Step Converged
Step Converged
Step Converged
Step Converged
Step Converged
Step Converged
Step Converged
Step Converged
Step Converged
Step Converged
Step Converged
Step Converged
Step Converged
Step Converged
Step Converged
Step Converged
Step Converged
Step Converged
Step Converged
Step Converged
Step Converged
Step Converged
Step Converged
Step Converged
Step Converged
Step Converged
Step Converged
Step Converged
Step Converged
Step Converged
Step Converged
Step Converged
Step Converged
Step Converged
Step Converged
Step Converged
Step Converged
Step Converged
Step Converged
Step Converged
Step Converged
Step Converged
Step Converged
Step Converged
Step Converged
Step Converged
Step Converged
Step Converged
Step Converged
Step Converged
Step Converged
Step Converged
Step Converged
Step Converged
Step Converged
Step Converged
Eliminating model 2 states...Step Converged
Step Converged
Step Converged
Step Converged
Step Converged
Step Converged
Step Converged
Step Converged
Step Converged
Step Converged
Step Converged
Step Converged
Step Converged
Step Converged
Step Converged
Step Converged
Step Converged
Step Converged
Step Converged
Step Converged
Step Converged
Step Converged
Step Converged
Step Converged
Step Converged
Step Converged
Step Converged
Step Converged
Step Converged
Step Converged
Step Converged
Step Converged
Step Converged
Step Converged
Step Converged
Step Converged
Step Converged
Step Converged
Step Converged
Step Converged
Step Converged
Step Converged
Step Converged
Step Converged
Step Converged
Step Converged
Step Converged
Step Converged
Step Converged
Step Converged
Step Converged
Step Converged
Step Converged
Step Converged
Step Converged
Step Converged
Step Converged
Step Converged
Step Converged
Step Converged
Step Converged
Step Converged
Step Converged
Step Converged
************************************************************************
-- Status Test Results --
**...........OR Combination -> 
  **...........AND Combination -> 
    **...........F-Norm = 5.302e-05 < 1.000e-08
                 (Length-Scaled Two-Norm, Absolute Tolerance)
    ??...........WRMS-Norm = 1.000e+12 < 1
  **...........Number of Iterations = 1 < 10
************************************************************************

************************************************************************
-- Nonlinear Solver Step 1 -- 
||F|| = 4.436e-04  step = 1.000e+00  dx = 2.811e+02
************************************************************************

Basis size = 20
 Quadrature size = 64
 Processor 0 is on subdomain 0 and owns 20 time steps, starting with 0
 Basis size = 20
 Quadrature size = 64
 Processor 0 is on subdomain 0 and owns 20 time steps, starting with 0
 Eliminating model 1 states...Step Converged
Step Converged
Step Converged
Step Converged
Step Converged
Step Converged
Step Converged
Step Converged
Step Converged
Step Converged
Step Converged
Step Converged
Step Converged
Step Converged
Step Converged
Step Converged
Step Converged
Step Converged
Step Converged
Step Converged
Step Converged
Step Converged
Step Converged
Step Converged
Step Converged
Step Converged
Step Converged
Step Converged
Step Converged
Step Converged
Step Converged
Step Converged
Step Converged
Step Converged
Step Converged
Step Converged
Step Converged
Step Converged
Step Converged
Step Converged
Step Converged
Step Converged
Step Converged
Step Converged
Step Converged
Step Converged
Step Converged
Step Converged
Step Converged
Step Converged
Step Converged
Step Converged
Step Converged
Step Converged
Step Converged
Step Converged
Step Converged
Step Converged
Step Converged
Step Converged
Step Converged
Step Converged
Step Converged
Step Converged
Eliminating model 2 states...Step Converged
Step Converged
Step Converged
Step Converged
Step Converged
Step Converged
Step Converged
Step Converged
Step Converged
Step Converged
Step Converged
Step Converged
Step Converged
Step Converged
Step Converged
Step Converged
Step Converged
Step Converged
Step Converged
Step Converged
Step Converged
Step Converged
Step Converged
Step Converged
Step Converged
Step Converged
Step Converged
Step Converged
Step Converged
Step Converged
Step Converged
Step Converged
Step Converged
Step Converged
Step Converged
Step Converged
Step Converged
Step Converged
Step Converged
Step Converged
Step Converged
Step Converged
Step Converged
Step Converged
Step Converged
Step Converged
Step Converged
Step Converged
Step Converged
Step Converged
Step Converged
Step Converged
Step Converged
Step Converged
Step Converged
Step Converged
Step Converged
Step Converged
Step Converged
Step Converged
Step Converged
Step Converged
Step Converged
Step Converged

       Creating a new preconditioner

       Time required to create preconditioner : 0.000204 (sec.)

  Solving block system using AztecOO ...
  
  
  		*******************************************************
  		***** Problem: Stokhos Matrix Free Operator
  		***** Preconditioned GMRES solution
  		***** Stokhos Approximate Gauss-Seidel Preconditioner:
  		***** Ifpack_AdditiveSchwarz, ov = 0, local solver = 
  		***** `IFPACK ILU (fill=0, relax=0.000000, athr=0.000000, rthr=1.000000)'
  		***** Condition number estimate = 1.01227
  		***** No scaling
  		*******************************************************
  
                  iter:    0           residual = 1.000000e+00
                  iter:    2           residual = 9.470443e-07
  
  
  		Solution time: 0.003820 (sec.)
  		total iterations: 2
  
  
  Total solve time = 0.00406194 sec
 Basis size = 20
 Quadrature size = 64
 Processor 0 is on subdomain 0 and owns 20 time steps, starting with 0
 Basis size = 20
 Quadrature size = 64
 Processor 0 is on subdomain 0 and owns 20 time steps, starting with 0
 Eliminating model 1 states...Step Converged
Step Converged
Step Converged
Step Converged
Step Converged
Step Converged
Step Converged
Step Converged
Step Converged
Step Converged
Step Converged
Step Converged
Step Converged
Step Converged
Step Converged
Step Converged
Step Converged
Step Converged
Step Converged
Step Converged
Step Converged
Step Converged
Step Converged
Step Converged
Step Converged
Step Converged
Step Converged
Step Converged
Step Converged
Step Converged
Step Converged
Step Converged
Step Converged
Step Converged
Step Converged
Step Converged
Step Converged
Step Converged
Step Converged
Step Converged
Step Converged
Step Converged
Step Converged
Step Converged
Step Converged
Step Converged
Step Converged
Step Converged
Step Converged
Step Converged
Step Converged
Step Converged
Step Converged
Step Converged
Step Converged
Step Converged
Step Converged
Step Converged
Step Converged
Step Converged
Step Converged
Step Converged
Step Converged
Step Converged
Eliminating model 2 states...Step Converged
Step Converged
Step Converged
Step Converged
Step Converged
Step Converged
Step Converged
Step Converged
Step Converged
Step Converged
Step Converged
Step Converged
Step Converged
Step Converged
Step Converged
Step Converged
Step Converged
Step Converged
Step Converged
Step Converged
Step Converged
Step Converged
Step Converged
Step Converged
Step Converged
Step Converged
Step Converged
Step Converged
Step Converged
Step Converged
Step Converged
Step Converged
Step Converged
Step Converged
Step Converged
Step Converged
Step Converged
Step Converged
Step Converged
Step Converged
Step Converged
Step Converged
Step Converged
Step Converged
Step Converged
Step Converged
Step Converged
Step Converged
Step Converged
Step Converged
Step Converged
Step Converged
Step Converged
Step Converged
Step Converged
Step Converged
Step Converged
Step Converged
Step Converged
Step Converged
Step Converged
Step Converged
Step Converged
Step Converged
************************************************************************
-- Status Test Results --
**...........OR Combination -> 
  **...........AND Combination -> 
    Converged....F-Norm = 8.559e-09 < 1.000e-08
                 (Length-Scaled Two-Norm, Absolute Tolerance)
    **...........WRMS-Norm = 5.137e+03 < 1
                 (Min Step Size:  1.000e+00 >= 1)
  **...........Number of Iterations = 2 < 10
************************************************************************

************************************************************************
-- Nonlinear Solver Step 2 -- 
||F|| = 7.161e-08  step = 1.000e+00  dx = 4.436e-04
************************************************************************

Basis size = 20
 Quadrature size = 64
 Processor 0 is on subdomain 0 and owns 20 time steps, starting with 0
 Basis size = 20
 Quadrature size = 64
 Processor 0 is on subdomain 0 and owns 20 time steps, starting with 0
 Eliminating model 1 states...Step Converged
Step Converged
Step Converged
Step Converged
Step Converged
Step Converged
Step Converged
Step Converged
Step Converged
Step Converged
Step Converged
Step Converged
Step Converged
Step Converged
Step Converged
Step Converged
Step Converged
Step Converged
Step Converged
Step Converged
Step Converged
Step Converged
Step Converged
Step Converged
Step Converged
Step Converged
Step Converged
Step Converged
Step Converged
Step Converged
Step Converged
Step Converged
Step Converged
Step Converged
Step Converged
Step Converged
Step Converged
Step Converged
Step Converged
Step Converged
Step Converged
Step Converged
Step Converged
Step Converged
Step Converged
Step Converged
Step Converged
Step Converged
Step Converged
Step Converged
Step Converged
Step Converged
Step Converged
Step Converged
Step Converged
Step Converged
Step Converged
Step Converged
Step Converged
Step Converged
Step Converged
Step Converged
Step Converged
Step Converged
Eliminating model 2 states...Step Converged
Step Converged
Step Converged
Step Converged
Step Converged
Step Converged
Step Converged
Step Converged
Step Converged
Step Converged
Step Converged
Step Converged
Step Converged
Step Converged
Step Converged
Step Converged
Step Converged
Step Converged
Step Converged
Step Converged
Step Converged
Step Converged
Step Converged
Step Converged
Step Converged
Step Converged
Step Converged
Step Converged
Step Converged
Step Converged
Step Converged
Step Converged
Step Converged
Step Converged
Step Converged
Step Converged
Step Converged
Step Converged
Step Converged
Step Converged
Step Converged
Step Converged
Step Converged
Step Converged
Step Converged
Step Converged
Step Converged
Step Converged
Step Converged
Step Converged
Step Converged
Step Converged
Step Converged
Step Converged
Step Converged
Step Converged
Step Converged
Step Converged
Step Converged
Step Converged
Step Converged
Step Converged
Step Converged
Step Converged

       Creating a new preconditioner

       Time required to create preconditioner : 0.000218 (sec.)

  Solving block system using AztecOO ...
  
  
  		*******************************************************
  		***** Problem: Stokhos Matrix Free Operator
  		***** Preconditioned GMRES solution
  		***** Stokhos Approximate Gauss-Seidel Preconditioner:
  		***** Ifpack_AdditiveSchwarz, ov = 0, local solver = 
  		***** `IFPACK ILU (fill=0, relax=0.000000, athr=0.000000, rthr=1.000000)'
  		***** Condition number estimate = 1.01227
  		***** No scaling
  		*******************************************************
  
                  iter:    0           residual = 1.000000e+00
                  iter:    2           residual = 7.781580e-07
  
  
  		Solution time: 0.004093 (sec.)
  		total iterations: 2
  
  
  Total solve time = 0.00445318 sec
 Basis size = 20
 Quadrature size = 64
 Processor 0 is on subdomain 0 and owns 20 time steps, starting with 0
 Basis size = 20
 Quadrature size = 64
 Processor 0 is on subdomain 0 and owns 20 time steps, starting with 0
 Eliminating model 1 states...Step Converged
Step Converged
Step Converged
Step Converged
Step Converged
Step Converged
Step Converged
Step Converged
Step Converged
Step Converged
Step Converged
Step Converged
Step Converged
Step Converged
Step Converged
Step Converged
Step Converged
Step Converged
Step Converged
Step Converged
Step Converged
Step Converged
Step Converged
Step Converged
Step Converged
Step Converged
Step Converged
Step Converged
Step Converged
Step Converged
Step Converged
Step Converged
Step Converged
Step Converged
Step Converged
Step Converged
Step Converged
Step Converged
Step Converged
Step Converged
Step Converged
Step Converged
Step Converged
Step Converged
Step Converged
Step Converged
Step Converged
Step Converged
Step Converged
Step Converged
Step Converged
Step Converged
Step Converged
Step Converged
Step Converged
Step Converged
Step Converged
Step Converged
Step Converged
Step Converged
Step Converged
Step Converged
Step Converged
Step Converged
Eliminating model 2 states...Step Converged
Step Converged
Step Converged
Step Converged
Step Converged
Step Converged
Step Converged
Step Converged
Step Converged
Step Converged
Step Converged
Step Converged
Step Converged
Step Converged
Step Converged
Step Converged
Step Converged
Step Converged
Step Converged
Step Converged
Step Converged
Step Converged
Step Converged
Step Converged
Step Converged
Step Converged
Step Converged
Step Converged
Step Converged
Step Converged
Step Converged
Step Converged
Step Converged
Step Converged
Step Converged
Step Converged
Step Converged
Step Converged
Step Converged
Step Converged
Step Converged
Step Converged
Step Converged
Step Converged
Step Converged
Step Converged
Step Converged
Step Converged
Step Converged
Step Converged
Step Converged
Step Converged
Step Converged
Step Converged
Step Converged
Step Converged
Step Converged
Step Converged
Step Converged
Step Converged
Step Converged
Step Converged
Step Converged
Step Converged

************************************************************************
-- Nonlinear Solver Step 3 -- 
||F|| = 7.235e-11  step = 1.000e+00  dx = 7.160e-08 (Converged!)
************************************************************************

************************************************************************
-- Final Status Test Results --
Converged....OR Combination -> 
  Converged....AND Combination -> 
    Converged....F-Norm = 8.647e-12 < 1.000e-08
                 (Length-Scaled Two-Norm, Absolute Tolerance)
    Converged....WRMS-Norm = 8.556e-01 < 1
                 (Min Step Size:  1.000e+00 >= 1)
  ??...........Number of Iterations = -1 < 10
************************************************************************
Step Converged
Basis size = 20
 Quadrature size = 64
 Processor 0 is on subdomain 0 and owns 20 time steps, starting with 0
 Basis size = 20
 Quadrature size = 64
 Processor 0 is on subdomain 0 and owns 20 time steps, starting with 0
 Eliminating model 1 states...Step Converged
Step Converged
Step Converged
Step Converged
Step Converged
Step Converged
Step Converged
Step Converged
Step Converged
Step Converged
Step Converged
Step Converged
Step Converged
Step Converged
Step Converged
Step Converged
Step Converged
Step Converged
Step Converged
Step Converged
Step Converged
Step Converged
Step Converged
Step Converged
Step Converged
Step Converged
Step Converged
Step Converged
Step Converged
Step Converged
Step Converged
Step Converged
Step Converged
Step Converged
Step Converged
Step Converged
Step Converged
Step Converged
Step Converged
Step Converged
Step Converged
Step Converged
Step Converged
Step Converged
Step Converged
Step Converged
Step Converged
Step Converged
Step Converged
Step Converged
Step Converged
Step Converged
Step Converged
Step Converged
Step Converged
Step Converged
Step Converged
Step Converged
Step Converged
Step Converged
Step Converged
Step Converged
Step Converged
Step Converged
Eliminating model 2 states...Step Converged
Step Converged
Step Converged
Step Converged
Step Converged
Step Converged
Step Converged
Step Converged
Step Converged
Step Converged
Step Converged
Step Converged
Step Converged
Step Converged
Step Converged
Step Converged
Step Converged
Step Converged
Step Converged
Step Converged
Step Converged
Step Converged
Step Converged
Step Converged
Step Converged
Step Converged
Step Converged
Step Converged
Step Converged
Step Converged
Step Converged
Step Converged
Step Converged
Step Converged
Step Converged
Step Converged
Step Converged
Step Converged
Step Converged
Step Converged
Step Converged
Step Converged
Step Converged
Step Converged
Step Converged
Step Converged
Step Converged
Step Converged
Step Converged
Step Converged
Step Converged
Step Converged
Step Converged
Step Converged
Step Converged
Step Converged
Step Converged
Step Converged
Step Converged
Step Converged
Step Converged
Step Converged
Step Converged
Step Converged

 Final value of coupling variables:
 Mean:
 Epetra::Vector     MyPID           GID               Value  
          0             0       85.65968036675623
          0             1       301.0718578416422
 
 Std. Dev.:
 Epetra::Vector     MyPID           GID               Value  
          0             0       18.60366101277748
          0             1       0.352463216687684
 
 
 CheckTestResults: Number of Comparisons Attempted = 0
 
 Number of Failed Comparisons: 0
 ===============================================================================================
 
                              TimeMonitor results over 1 processor
 
 Timer Name                                                          Global time (num calls)    
 -----------------------------------------------------------------------------------------------
 > Albany Fill: Jacobian                                             16.56 (2678)               
 > Albany Fill: Residual                                             6.187 (3318)               
 > Albany Fill: Tangent                                              3.39 (384)                 
 Albany: **Total Fill Time**                                         26.17 (7020)               
 AlbanySG: ***Total Time***                                          40.55 (1)                  
 Ifpack_ILU::ApplyInverse                                            0.7418 (2.964e+04)         
 Ifpack_ILU::ApplyInverse - Solve                                    0.7233 (2.964e+04)         
 Ifpack_ILU::Compute                                                 0.7951 (1357)              
 Ifpack_ILU::ComputeSetup                                            0.334 (1357)               
 Ifpack_ILU::Initialize                                              1.165 (1357)               
 -----------------------------------------------------------------------------------------------
 NECoupledModelEvaluator -- Model nonlinear elimination              40.34 (16)                 
 NECoupledModelEvaluator -- dimension projection                     0.02604 (16)               
 NECoupledModelEvaluator -- dimension reduction                      0.04804 (16)               
 NOX: Total Linear Solve Time                                        5.09 (2681)                
 NOX: Total Preconditioner Generation Time                           8.712 (2681)               
 Phalanx: Evaluator 0: Gather Solution<Residual>                     0.08889 (3.452e+04)        
 Phalanx: Evaluator 10: Specific Heat<Residual>                      0.009877 (3.452e+04)       
 Phalanx: Evaluator 11: Thermal Conductivity<Residual>               0.4333 (3.452e+04)         
 Phalanx: Evaluator 12: Fission Cross Section<Residual>              0.009264 (3.452e+04)       
 Phalanx: Evaluator 13: Energy Released per Fission<Residual>        0.008921 (3.452e+04)       
 -----------------------------------------------------------------------------------------------
 Phalanx: Evaluator 144: DBC on NS NodeSet0 for DOF T<Residual>      0.001375 (1644)            
 Phalanx: Evaluator 145: DBC on NS NodeSet0 for DOF T<Jacobian>      0.00444 (1324)             
 Phalanx: Evaluator 146: DBC on NS NodeSet0 for DOF T<Tangent>       0.0002677 (192)            
 Phalanx: Evaluator 14: NeutronFissionSource<Residual>               0.02338 (3.452e+04)        
 Phalanx: Evaluator 153: DBC on NS NodeSet1 for DOF T<Residual>      0.000489 (1644)            
 Phalanx: Evaluator 154: DBC on NS NodeSet1 for DOF T<Jacobian>      0.002632 (1324)            
 Phalanx: Evaluator 155: DBC on NS NodeSet1 for DOF T<Tangent>       8.535e-05 (192)            
 Phalanx: Evaluator 15: NSThermalEqResid<Residual>                   0.2941 (3.452e+04)         
 Phalanx: Evaluator 162: DBC on NS NodeSet2 for DOF T<Residual>      0.0004661 (1644)           
 Phalanx: Evaluator 163: DBC on NS NodeSet2 for DOF T<Jacobian>      0.002485 (1324)            
 -----------------------------------------------------------------------------------------------
 Phalanx: Evaluator 164: DBC on NS NodeSet2 for DOF T<Tangent>       9.537e-05 (192)            
 Phalanx: Evaluator 16: Gather Solution<Jacobian>                    0.8879 (2.78e+04)          
 Phalanx: Evaluator 171: DBC on NS NodeSet3 for DOF T<Residual>      0.0004437 (1644)           
 Phalanx: Evaluator 172: DBC on NS NodeSet3 for DOF T<Jacobian>      0.002516 (1324)            
 Phalanx: Evaluator 173: DBC on NS NodeSet3 for DOF T<Tangent>       7.224e-05 (192)            
 Phalanx: Evaluator 17: DOFInterpolation<Jacobian>                   0.3666 (2.78e+04)          
 Phalanx: Evaluator 180: Dirichlet Aggregator<Residual>              0.0002367 (1644)           
 Phalanx: Evaluator 181: Dirichlet Aggregator<Jacobian>              0.0001512 (1324)           
 Phalanx: Evaluator 182: Dirichlet Aggregator<Tangent>               3.481e-05 (192)            
 Phalanx: Evaluator 18: DOFInterpolation<Jacobian>                   0.3622 (2.78e+04)          
 -----------------------------------------------------------------------------------------------
 Phalanx: Evaluator 19: DOFGradInterpolation<Jacobian>               0.7839 (2.78e+04)          
 Phalanx: Evaluator 1: DOFInterpolation<Residual>                    0.06004 (3.452e+04)        
 Phalanx: Evaluator 20: Scatter Temperature<Jacobian>                0.8547 (2.78e+04)          
 Phalanx: Evaluator 21: Neutron Flux<Jacobian>                       0.05734 (2.78e+04)         
 Phalanx: Evaluator 22: Gather Coordinate Vector<Jacobian>           0.03782 (2.78e+04)         
 Phalanx: Evaluator 23: MapToPhysicalFrame<Jacobian>                 0.1891 (2.78e+04)          
 Phalanx: Evaluator 24: ComputeBasisFunctions<Jacobian>              1.069 (2.78e+04)           
 Phalanx: Evaluator 25: Density<Jacobian>                            0.05874 (2.78e+04)         
 Phalanx: Evaluator 26: Specific Heat<Jacobian>                      0.05609 (2.78e+04)         
 Phalanx: Evaluator 27: Thermal Conductivity<Jacobian>               0.456 (2.78e+04)           
 -----------------------------------------------------------------------------------------------
 Phalanx: Evaluator 28: Fission Cross Section<Jacobian>              0.05653 (2.78e+04)         
 Phalanx: Evaluator 29: Energy Released per Fission<Jacobian>        0.05648 (2.78e+04)         
 Phalanx: Evaluator 2: DOFInterpolation<Residual>                    0.05717 (3.452e+04)        
 Phalanx: Evaluator 30: NeutronFissionSource<Jacobian>               0.06591 (2.78e+04)         
 Phalanx: Evaluator 31: NSThermalEqResid<Jacobian>                   2.415 (2.78e+04)           
 Phalanx: Evaluator 32: Gather Solution<Tangent>                     0.02151 (4032)             
 Phalanx: Evaluator 333: Temperature<Residual>                       0.009565 (3.515e+04)       
 Phalanx: Evaluator 334: Gather Solution<Residual>                   0.0895 (3.515e+04)         
 Phalanx: Evaluator 335: DOFInterpolation<Residual>                  0.06109 (3.515e+04)        
 Phalanx: Evaluator 337: DOFGradInterpolation<Residual>              0.1392 (3.515e+04)         
 -----------------------------------------------------------------------------------------------
 Phalanx: Evaluator 338: Scatter Neutron<Residual>                   0.054 (3.515e+04)          
 Phalanx: Evaluator 339: Gather Coordinate Vector<Residual>          0.04455 (3.515e+04)        
 Phalanx: Evaluator 33: DOFInterpolation<Tangent>                    0.01896 (4032)             
 Phalanx: Evaluator 340: MapToPhysicalFrame<Residual>                0.228 (3.515e+04)          
 Phalanx: Evaluator 341: ComputeBasisFunctions<Residual>             1.311 (3.515e+04)          
 Phalanx: Evaluator 342: Neutron Diffusion Coefficient<Residual>     0.04858 (3.515e+04)        
 Phalanx: Evaluator 344: Absorption Cross Section<Residual>          0.1809 (3.515e+04)         
 Phalanx: Evaluator 345: Scattering Cross Section<Residual>          0.01043 (3.515e+04)        
 Phalanx: Evaluator 346: Fission Cross Section<Residual>             0.18 (3.515e+04)           
 Phalanx: Evaluator 347: Neutrons per Fission<Residual>              0.01044 (3.515e+04)        
 -----------------------------------------------------------------------------------------------
 Phalanx: Evaluator 348: Average Scattering Angle<Residual>          0.01026 (3.515e+04)        
 Phalanx: Evaluator 349: TruncatedKLSource<Residual>                 0.4285 (3.515e+04)         
 Phalanx: Evaluator 34: DOFInterpolation<Tangent>                    0.018 (4032)               
 Phalanx: Evaluator 350: NSNeutronEqResid<Residual>                  0.2829 (3.515e+04)         
 Phalanx: Evaluator 351: Temperature<Jacobian>                       0.0574 (2.843e+04)         
 Phalanx: Evaluator 352: Gather Solution<Jacobian>                   0.9034 (2.843e+04)         
 Phalanx: Evaluator 353: DOFInterpolation<Jacobian>                  0.3757 (2.843e+04)         
 Phalanx: Evaluator 355: DOFGradInterpolation<Jacobian>              0.8125 (2.843e+04)         
 Phalanx: Evaluator 356: Scatter Neutron<Jacobian>                   0.8716 (2.843e+04)         
 Phalanx: Evaluator 357: Gather Coordinate Vector<Jacobian>          0.03767 (2.843e+04)        
 -----------------------------------------------------------------------------------------------
 Phalanx: Evaluator 358: MapToPhysicalFrame<Jacobian>                0.2043 (2.843e+04)         
 Phalanx: Evaluator 359: ComputeBasisFunctions<Jacobian>             1.093 (2.843e+04)          
 Phalanx: Evaluator 35: DOFGradInterpolation<Tangent>                0.1151 (4032)              
 Phalanx: Evaluator 360: Neutron Diffusion Coefficient<Jacobian>     0.09715 (2.843e+04)        
 Phalanx: Evaluator 362: Absorption Cross Section<Jacobian>          0.1475 (2.843e+04)         
 Phalanx: Evaluator 363: Scattering Cross Section<Jacobian>          0.06006 (2.843e+04)        
 Phalanx: Evaluator 364: Fission Cross Section<Jacobian>             0.1463 (2.843e+04)         
 Phalanx: Evaluator 365: Neutrons per Fission<Jacobian>              0.06047 (2.843e+04)        
 Phalanx: Evaluator 366: Average Scattering Angle<Jacobian>          0.05737 (2.843e+04)        
 Phalanx: Evaluator 367: TruncatedKLSource<Jacobian>                 0.4879 (2.843e+04)         
 -----------------------------------------------------------------------------------------------
 Phalanx: Evaluator 368: NSNeutronEqResid<Jacobian>                  2.326 (2.843e+04)          
 Phalanx: Evaluator 369: Temperature<Tangent>                        0.009539 (4032)            
 Phalanx: Evaluator 36: Scatter Temperature<Tangent>                 0.0424 (4032)              
 Phalanx: Evaluator 370: Gather Solution<Tangent>                    0.02141 (4032)             
 Phalanx: Evaluator 371: DOFInterpolation<Tangent>                   0.01816 (4032)             
 Phalanx: Evaluator 373: DOFGradInterpolation<Tangent>               0.115 (4032)               
 Phalanx: Evaluator 374: Scatter Neutron<Tangent>                    0.04222 (4032)             
 Phalanx: Evaluator 375: Gather Coordinate Vector<Tangent>           0.1175 (4032)              
 Phalanx: Evaluator 376: MapToPhysicalFrame<Tangent>                 0.1032 (4032)              
 Phalanx: Evaluator 377: ComputeBasisFunctions<Tangent>              0.694 (4032)               
 -----------------------------------------------------------------------------------------------
 Phalanx: Evaluator 378: Neutron Diffusion Coefficient<Tangent>      0.02679 (4032)             
 Phalanx: Evaluator 37: Neutron Flux<Tangent>                        0.009811 (4032)            
 Phalanx: Evaluator 380: Absorption Cross Section<Tangent>           0.06628 (4032)             
 Phalanx: Evaluator 381: Scattering Cross Section<Tangent>           0.008663 (4032)            
 Phalanx: Evaluator 382: Fission Cross Section<Tangent>              0.06585 (4032)             
 Phalanx: Evaluator 383: Neutrons per Fission<Tangent>               0.009005 (4032)            
 Phalanx: Evaluator 384: Average Scattering Angle<Tangent>           0.008188 (4032)            
 Phalanx: Evaluator 385: TruncatedKLSource<Tangent>                  0.1096 (4032)              
 Phalanx: Evaluator 386: NSNeutronEqResid<Tangent>                   0.3113 (4032)              
 Phalanx: Evaluator 38: Gather Coordinate Vector<Tangent>            0.1188 (4032)              
 -----------------------------------------------------------------------------------------------
 Phalanx: Evaluator 39: MapToPhysicalFrame<Tangent>                  0.1027 (4032)              
 Phalanx: Evaluator 3: DOFGradInterpolation<Residual>                0.1339 (3.452e+04)         
 Phalanx: Evaluator 40: ComputeBasisFunctions<Tangent>               0.6961 (4032)              
 Phalanx: Evaluator 41: Density<Tangent>                             0.008691 (4032)            
 Phalanx: Evaluator 42: Specific Heat<Tangent>                       0.008205 (4032)            
 Phalanx: Evaluator 43: Thermal Conductivity<Tangent>                0.1068 (4032)              
 Phalanx: Evaluator 44: Fission Cross Section<Tangent>               0.008426 (4032)            
 Phalanx: Evaluator 45: Energy Released per Fission<Tangent>         0.008213 (4032)            
 Phalanx: Evaluator 46: NeutronFissionSource<Tangent>                0.01335 (4032)             
 Phalanx: Evaluator 47: NSThermalEqResid<Tangent>                    0.3194 (4032)              
 -----------------------------------------------------------------------------------------------
 Phalanx: Evaluator 495: DBC on NS NodeSet0 for DOF phi<Residual>    0.001197 (1674)            
 Phalanx: Evaluator 496: DBC on NS NodeSet0 for DOF phi<Jacobian>    0.004466 (1354)            
 Phalanx: Evaluator 497: DBC on NS NodeSet0 for DOF phi<Tangent>     0.0002825 (192)            
 Phalanx: Evaluator 4: Scatter Temperature<Residual>                 0.04981 (3.452e+04)        
 Phalanx: Evaluator 504: DBC on NS NodeSet1 for DOF phi<Residual>    0.0005202 (1674)           
 Phalanx: Evaluator 505: DBC on NS NodeSet1 for DOF phi<Jacobian>    0.002705 (1354)            
 Phalanx: Evaluator 506: DBC on NS NodeSet1 for DOF phi<Tangent>     7.439e-05 (192)            
 Phalanx: Evaluator 513: DBC on NS NodeSet2 for DOF phi<Residual>    0.0004683 (1674)           
 Phalanx: Evaluator 514: DBC on NS NodeSet2 for DOF phi<Jacobian>    0.002498 (1354)            
 Phalanx: Evaluator 515: DBC on NS NodeSet2 for DOF phi<Tangent>     7.915e-05 (192)            
 -----------------------------------------------------------------------------------------------
 Phalanx: Evaluator 522: DBC on NS NodeSet3 for DOF phi<Residual>    0.0003881 (1674)           
 Phalanx: Evaluator 523: DBC on NS NodeSet3 for DOF phi<Jacobian>    0.002591 (1354)            
 Phalanx: Evaluator 524: DBC on NS NodeSet3 for DOF phi<Tangent>     6.604e-05 (192)            
 Phalanx: Evaluator 531: Dirichlet Aggregator<Residual>              0.0001953 (1674)           
 Phalanx: Evaluator 532: Dirichlet Aggregator<Jacobian>              0.0001407 (1354)           
 Phalanx: Evaluator 533: Dirichlet Aggregator<Tangent>               2.885e-05 (192)            
 Phalanx: Evaluator 5: Neutron Flux<Residual>                        0.00974 (3.452e+04)        
 Phalanx: Evaluator 6: Gather Coordinate Vector<Residual>            0.04424 (3.452e+04)        
 Phalanx: Evaluator 7: MapToPhysicalFrame<Residual>                  0.2233 (3.452e+04)         
 Phalanx: Evaluator 8: ComputeBasisFunctions<Residual>               1.301 (3.452e+04)          
 -----------------------------------------------------------------------------------------------
 Phalanx: Evaluator 9: Density<Residual>                             0.01065 (3.452e+04)        
 Stokhos: SG Operator Apply()                                        0.01152 (15)               
 Stokhos: SGQuadModelEvaluator -- G Integration                      0.004011 (640)             
 Stokhos: SGQuadModelEvaluator -- Model Evaluation                   40.33 (1024)               
 Stokhos: SGQuadModelEvaluator -- P Evaluation                       0.002329 (2048)            
 Stokhos: SGQuadModelEvaluator -- Polynomial Evaluation              0.003217 (1024)            
 Stokhos: SGQuadModelEvaluator -- Polynomial Integration             0.005979 (1024)            
 Stokhos: SGQuadModelEvaluator -- dg/dp Integration                  0.0008013 (384)            
 Stokhos: Sparse Grid Generation                                     0.004151 (3)               
 Stokhos: Total AGS Deterministic Preconditioner Time                0.0007937 (315)            
 -----------------------------------------------------------------------------------------------
 Stokhos: Total Approximate Gauss-Seidel Time                        0.00165 (9)                
 Stokhos: Total Triple-Product Tensor Fill Time                      0.001513 (1)               
 Stokhos::StieltjesPCEBasis -- Discretized Stieltjes Procedure       0.004455 (48)              
 Stokhos::StieltjesPCEBasis -- compute Gauss points                  0.0004201 (48)             
 Stokhos::TensorProductQuadrature -- Quad Grid Generation            0.002136 (16)              
 Stratimikos: AztecOOLOWS                                            4.433 (2681)               
 Stratimikos: AztecOOLOWS:SingleSolve                                4.349 (2681)               
 ===============================================================================================
