Input file:<ParameterList>
  <ParameterList name="Coupled System">
    <Parameter name="Model XML Files" type="Array(string)" 
	       value="{ input_heat.xml, input_neutronics.xml }"/>
    <Parameter name="Network Model" type="string" value="Param To Response"/>
    <Parameter name="Print Response Expansion" type="bool" value="0"/>
  </ParameterList>
  <ParameterList name="Piro">
    <Parameter name="Network Coupling Parameter Indices" type="Array(int)" 
	       value="{ 0, 0 }"/>
    <Parameter name="Network Coupling Response Indices" type="Array(int)" 
	     value="{ 0, 0 }"/>
    <Parameter name="Stochastic" type="bool" value="0"/>
    <Parameter name="Solver Type" type="string" value="NOX"/>
    <Parameter name="Print Convergence Stats" type="bool" value="0"/>
    <ParameterList name="NOX">
      <Parameter name="Reset Initial Guess" type="bool" value="1"/>
      <ParameterList name="Status Tests">
	<Parameter name="Test Type" type="string" value="Combo"/>
	<Parameter name="Combo Type" type="string" value="OR"/>
	<Parameter name="Number of Tests" type="int" value="2"/>
	<ParameterList name="Test 0">
	  <Parameter name="Test Type" type="string" value="Combo"/>
	  <Parameter name="Combo Type" type="string" value="AND"/>
	  <Parameter name="Number of Tests" type="int" value="2"/>
	  <ParameterList name="Test 0">
	    <Parameter name="Test Type" type="string" value="NormF"/>
	    <Parameter name="Norm Type" type="string" value="Two Norm"/>
	    <Parameter name="Scale Type" type="string" value="Scaled"/>
	    <Parameter name="Tolerance" type="double" value="1e-8"/>
	  </ParameterList>
	  <ParameterList name="Test 1">
	    <Parameter name="Test Type" type="string" value="NormWRMS"/>
	    <Parameter name="Absolute Tolerance" type="double" value="1e-8"/>
	    <Parameter name="Relative Tolerance" type="double" value="1e-10"/>
	  </ParameterList>
	</ParameterList>
	<ParameterList name="Test 1">
	  <Parameter name="Test Type" type="string" value="MaxIters"/>
	  <Parameter name="Maximum Iterations" type="int" value="10"/>
	</ParameterList>
      </ParameterList>
      <ParameterList name="Direction">
	<Parameter name="Method" type="string" value="Newton"/>
	<ParameterList name="Newton">
	  <ParameterList name="Linear Solver">
	    <Parameter name="Max Iterations" type="int" value="1000"/>
	    <Parameter name="Tolerance" type="double" value="1e-6"/>
	  </ParameterList>       
	  <Parameter name="Forcing Term Method" type="string" value="Constant"/>
	  <ParameterList name="Stratimikos Linear Solver">
	    <ParameterList name="NOX Stratimikos Options">
	    </ParameterList>
	    <ParameterList name="Stratimikos">
	      <Parameter name="Linear Solver Type" type="string" value="AztecOO"/>
	      <ParameterList name="Linear Solver Types">
		<ParameterList name="AztecOO">
		  <ParameterList name="Forward Solve"> 
		    <ParameterList name="AztecOO Settings">
		      <Parameter name="Aztec Solver" type="string" value="GMRES"/>
		      <Parameter name="Convergence Test" type="string" value="r0"/>
		      <Parameter name="Size of Krylov Subspace" type="int" value="30"/>
		      <Parameter name="Output Frequency" type="int" value="20"/>
		    </ParameterList>
		    <Parameter name="Max Iterations" type="int" value="250"/>
		    <Parameter name="Tolerance" type="double" value="1e-6"/>
		  </ParameterList>
		</ParameterList>
	      </ParameterList>
	      <Parameter name="Preconditioner Type" type="string" value="Ifpack"/>
	      <ParameterList name="Preconditioner Types">
		<ParameterList name="ML">
		  <Parameter name="Base Method Defaults" type="string" 
			     value="none"/>
		  <ParameterList name="ML Settings">
		    <Parameter name="default values" type="string" value="SA"/>
		    <Parameter name="smoother: type" type="string" 
			       value="ML symmetric Gauss-Seidel"/>
		    <Parameter name="smoother: pre or post" type="string" 
			       value="both"/>
		    <Parameter name="coarse: type" type="string" 
			       value="Amesos-KLU"/>
		  </ParameterList>
		</ParameterList>
	      </ParameterList>
	    </ParameterList>
	  </ParameterList>
	  <Parameter name="Rescue Bad Newton Solve" type="bool" value="1"/>
	</ParameterList>
      </ParameterList>
      <ParameterList name="Line Search">
	<ParameterList name="Full Step">
	  <Parameter name="Full Step" type="double" value="1"/>
	</ParameterList>
	<Parameter name="Method" type="string" value="Full Step"/>
      </ParameterList>
      <Parameter name="Nonlinear Solver" type="string" value="Line Search Based"/>
      <ParameterList name="Printing">
	<Parameter name="Output Information" type="int" value="103"/>
	<!--Parameter name="Output Information" type="int" value="127"/-->
	<Parameter name="Output Precision" type="int" value="3"/>
	<Parameter name="Output Processor" type="int" value="0"/>
      </ParameterList>
      <ParameterList name="Solver Options">
	<Parameter name="Status Test Check Type" type="string" value="Minimal"/>
      </ParameterList>
    </ParameterList>
  </ParameterList>

  <ParameterList name="Regression Results">
    <Parameter  name="Number of Comparisons" type="int" value="0"/>
    <Parameter  name="Number of Sensitivity Comparisons" type="int" value="0"/>
    <Parameter  name="Number of Dakota Comparisons" type="int" value="0"/>
    <Parameter  name="Number of Stochastic Galerkin Comparisons" type="int" value="0"/>
    <Parameter  name="Number of Stochastic Galerkin Mean Comparisons" type="int" value="0"/>
    <Parameter  name="Stochastic Galerkin Mean Test Values" type="Array(double)" value="{242.128, 307.119}"/>
    <Parameter  name="Number of Stochastic Galerkin Standard Deviation Comparisons" type="int" value="0"/>
    <Parameter  name="Stochastic Galerkin Standard Deviation Test Values" type="Array(double)" value="{10.5312, 0.426283}"/>
    <Parameter  name="Absolute Tolerance" type="double" value="1.0e-8"/>
    <Parameter  name="Relative Tolerance" type="double" value="1.0e-3"/>
  </ParameterList>
</ParameterList>

Heat input file:<ParameterList>
  <ParameterList name="Problem">
    <Parameter name="Name" type="string" value="NavierStokes 2D"/>
    <ParameterList name="Flow">
      <Parameter name="Variable Type" type="string" value="None"/>
    </ParameterList>
    <ParameterList name="Heat">
      <Parameter name="Variable Type" type="string" value="DOF"/>
    </ParameterList>
    <ParameterList name="Neutronics">
      <Parameter name="Variable Type" type="string" value="Constant"/>
      <Parameter name="Value" type="double" value="365.0"/>
    </ParameterList>
    <ParameterList name="Fission Cross Section">
      <Parameter name="Type" type="string" value="Constant"/>
      <Parameter name="Value" type="double" value="0.0111"/> 
    </ParameterList>
    <ParameterList name="Energy Released per Fission">
      <Parameter name="Type" type="string" value="Constant"/>
      <Parameter name="Value" type="double" value="3.20435"/> 
    </ParameterList>
    <Parameter name="Have Pressure Stabilization" type="bool" value="0"/>
    <Parameter name="Have SUPG Stabilization" type="bool" value="0"/>
    <Parameter name="Solution Method" type="string" value="Steady"/>
    <Parameter name="Stochastic" type="bool" value="false"/>
    <Parameter name="Number of Spatial Processors" type="int" value="-1"/>
    <ParameterList name="Dirichlet BCs">
      <Parameter name="DBC on NS NodeSet0 for DOF T" type="double" value="300.0"/>
      <Parameter name="DBC on NS NodeSet1 for DOF T" type="double" value="300.0"/>
      <Parameter name="DBC on NS NodeSet2 for DOF T" type="double" value="300.0"/>
      <Parameter name="DBC on NS NodeSet3 for DOF T" type="double" value="300.0"/>
    </ParameterList>
    <ParameterList name="Source Functions">
      <ParameterList name="Neutron Fission">
      </ParameterList>
    </ParameterList>
    <ParameterList name="Thermal Conductivity">
      <Parameter name="Type" type="string"
		 value="Truncated KL Expansion"/>
      <Parameter name="Number of KL Terms" type="int" value="5"/>
      <Parameter name="Mean" type="double" value="10.0"/>
      <Parameter name="Standard Deviation" type="double" value="5.0"/>
      <Parameter name="Domain Lower Bounds" type="string" value="{0.0}"/>
      <Parameter name="Domain Upper Bounds" type="string" value="{10.0}"/>
      <Parameter name="Correlation Lengths" type="string" value="{6.0}"/>
    </ParameterList>
    <ParameterList name="Parameters">
      <Parameter name="Number of Parameter Vectors" type="int" value="1"/>
      <ParameterList name="Parameter Vector 0">
	<Parameter name="Number" type="int" value="1"/>
	<Parameter name="Parameter 0" type="string" value="Neutron Flux"/>
      </ParameterList>
      <ParameterList name="Parameter Vector 1">
	<Parameter name="Number" type="int" value="0"/>
	<Parameter name="Parameter 0" type="string"
		   value="Thermal Conductivity KL Random Variable 0"/>
	<Parameter name="Parameter 1" type="string"
		   value="Thermal Conductivity KL Random Variable 1"/>
	<Parameter name="Parameter 2" type="string"
		   value="Thermal Conductivity KL Random Variable 2"/>
	<Parameter name="Parameter 3" type="string"
		   value="Thermal Conductivity KL Random Variable 3"/>
	<Parameter name="Parameter 4" type="string"
		   value="Thermal Conductivity KL Random Variable 4"/>
	<Parameter name="Parameter 5" type="string"
		   value="Thermal Conductivity KL Random Variable 5"/>
	<Parameter name="Parameter 6" type="string"
		   value="Thermal Conductivity KL Random Variable 6"/>
	<Parameter name="Parameter 7" type="string"
		   value="Thermal Conductivity KL Random Variable 7"/>
	<Parameter name="Parameter 8" type="string"
		   value="Thermal Conductivity KL Random Variable 8"/>
	<Parameter name="Parameter 9" type="string"
		   value="Thermal Conductivity KL Random Variable 9"/>
      </ParameterList>
    </ParameterList>    
    <ParameterList name="Response Functions">
      <Parameter name="Number" type="int" value="1"/>
      <Parameter name="Response 0" type="string" value="Solution Average"/>
    </ParameterList>
  </ParameterList>
  <ParameterList name="Discretization">
    <Parameter name="1D Elements" type="int" value="32"/>
    <Parameter name="2D Elements" type="int" value="32"/>
    <Parameter name="1D Scale" type="double" value="10.0"/>
    <Parameter name="2D Scale" type="double" value="10.0"/>
    <Parameter name="Method" type="string" value="STK2D"/>
    <!--Parameter name="Exodus Output File Name" type="string" value="sgheat_out.exo"/-->
  </ParameterList>
  <ParameterList name="Regression Results">
    <Parameter  name="Number of Comparisons" type="int" value="0"/>
    <Parameter  name="Number of Sensitivity Comparisons" type="int" value="0"/>
    <Parameter  name="Number of Dakota Comparisons" type="int" value="0"/>
    <Parameter  name="Number of Stochastic Galerkin Comparisons" type="int" value="0"/>
    <Parameter  name="Stochastic Galerkin Expansion Test Values 0" type="Array(double)"
    value="{1.1867, -0.02865, -0.007762, 0.008780, 0.002895, 0.0007957, -0.002302, -0.0006913, -0.0009845, -4.562e-05}"/>
    <Parameter  name="Relative Tolerance" type="double" value="1.0e-3"/>
  </ParameterList>

  <ParameterList name="Piro">
    <Parameter name="Print Convergence Stats" type="bool" value="0"/>
    <Parameter name="Solver Type" type="string" value="NOX"/>
    <ParameterList name="NOX">
      <ParameterList name="Status Tests">
	<Parameter name="Test Type" type="string" value="Combo"/>
	<Parameter name="Combo Type" type="string" value="OR"/>
	<Parameter name="Number of Tests" type="int" value="2"/>
	<ParameterList name="Test 0">
	  <Parameter name="Test Type" type="string" value="Combo"/>
	  <Parameter name="Combo Type" type="string" value="AND"/>
	  <Parameter name="Number of Tests" type="int" value="2"/>
	  <ParameterList name="Test 0">
	    <Parameter name="Test Type" type="string" value="NormF"/>
	    <Parameter name="Norm Type" type="string" value="Two Norm"/>
	    <Parameter name="Scale Type" type="string" value="Scaled"/>
	    <Parameter name="Tolerance" type="double" value="1e-8"/>
	  </ParameterList>
	  <ParameterList name="Test 1">
	    <Parameter name="Test Type" type="string" value="NormWRMS"/>
	    <Parameter name="Absolute Tolerance" type="double" value="1e-8"/>
	    <Parameter name="Relative Tolerance" type="double" value="1e-12"/>
	  </ParameterList>
	</ParameterList>
	<ParameterList name="Test 1">
	  <Parameter name="Test Type" type="string" value="MaxIters"/>
	  <Parameter name="Maximum Iterations" type="int" value="10"/>
	</ParameterList>
      </ParameterList>
      <ParameterList name="Direction">
	<Parameter name="Method" type="string" value="Newton"/>
	<ParameterList name="Newton">
	  <ParameterList name="Linear Solver">
	    <Parameter name="Max Iterations" type="int" value="1000"/>
	    <Parameter name="Tolerance" type="double" value="1e-6"/>
	  </ParameterList>       
	  <Parameter name="Forcing Term Method" type="string" value="Constant"/>
	  <ParameterList name="Stratimikos Linear Solver">
	    <ParameterList name="NOX Stratimikos Options">
	    </ParameterList>
	    <ParameterList name="Stratimikos">
	      <Parameter name="Linear Solver Type" type="string" value="AztecOO"/>
	      <ParameterList name="Linear Solver Types">
		<ParameterList name="AztecOO">
		  <ParameterList name="Forward Solve"> 
		    <ParameterList name="AztecOO Settings">
		      <Parameter name="Aztec Solver" type="string" value="GMRES"/>
		      <Parameter name="Convergence Test" type="string" value="r0"/>
		      <Parameter name="Size of Krylov Subspace" type="int" value="30"/>
		      <Parameter name="Output Frequency" type="int" value="20"/>
		    </ParameterList>
		    <Parameter name="Max Iterations" type="int" value="250"/>
		    <Parameter name="Tolerance" type="double" value="1e-6"/>
		  </ParameterList>
		  <ParameterList name="VerboseObject"> 
		    <Parameter name="Verbosity Level" type="string" 
			       value="none"/>
		  </ParameterList>
		</ParameterList>
	      </ParameterList>
	      <Parameter name="Preconditioner Type" type="string" value="ML"/>
	      <ParameterList name="Preconditioner Types">
		<ParameterList name="ML">
		  <Parameter name="Base Method Defaults" type="string" 
			     value="none"/>
		  <ParameterList name="ML Settings">
		    <Parameter name="default values" type="string" value="SA"/>
		    <Parameter name="smoother: type" type="string" 
			       value="ML symmetric Gauss-Seidel"/>
		    <Parameter name="smoother: pre or post" type="string" 
			       value="both"/>
		    <Parameter name="coarse: type" type="string" 
			       value="Amesos-KLU"/>
		  </ParameterList>
		</ParameterList>
	      </ParameterList>
	    </ParameterList>
	  </ParameterList>
	  <Parameter name="Rescue Bad Newton Solve" type="bool" value="1"/>
	</ParameterList>
      </ParameterList>
      <ParameterList name="Line Search">
	<ParameterList name="Full Step">
	  <Parameter name="Full Step" type="double" value="1"/>
	</ParameterList>
	<Parameter name="Method" type="string" value="Full Step"/>
      </ParameterList>
      <Parameter name="Nonlinear Solver" type="string" value="Line Search Based"/>
      <ParameterList name="Printing">
	<!--Parameter name="Output Information" type="int" value="103"/-->
	<Parameter name="Output Information" type="int" value="0"/>
	<!--Parameter name="Output Information" type="int" value="127"/-->
	<Parameter name="Output Precision" type="int" value="3"/>
	<Parameter name="Output Processor" type="int" value="0"/>
      </ParameterList>
      <ParameterList name="Solver Options">
	<Parameter name="Status Test Check Type" type="string" value="Minimal"/>
      </ParameterList>
    </ParameterList>
  </ParameterList>

</ParameterList>

Neut Input file:<ParameterList>
  <ParameterList name="Problem">
    <Parameter name="Name" type="string" value="NavierStokes 2D"/>
    <ParameterList name="Flow">
      <Parameter name="Variable Type" type="string" value="None"/>
    </ParameterList>
    <ParameterList name="Heat">
      <Parameter name="Variable Type" type="string" value="Constant"/>
      <Parameter name="Value" type="double" value="300"/> 
    </ParameterList>
    <ParameterList name="Neutronics">
      <Parameter name="Variable Type" type="string" value="DOF"/>
    </ParameterList>
    <ParameterList name="Neutron Diffusion Coefficient">
      <Parameter name="Type" type="string" value="Transport Mean Free Path"/>
    </ParameterList>
    <ParameterList name="Absorption Cross Section">
      <Parameter name="Type" type="string" value="invSQRT Temperature Dependent"/>
      <Parameter name="Reference Value" type="double" value="0.0156"/> 
      <Parameter name="Reference Temperature" type="double" value="300"/>
    </ParameterList>
    <ParameterList name="Fission Cross Section">
      <Parameter name="Type" type="string" value="invSQRT Temperature Dependent"/>
      <Parameter name="Reference Value" type="double" value="0.0111"/> 
      <Parameter name="Reference Temperature" type="double" value="300"/>
    </ParameterList>
    <ParameterList name="Scattering Cross Section">
      <Parameter name="Type" type="string" value="Constant"/>
      <Parameter name="Value" type="double" value="0.7632"/> 
    </ParameterList>
    <ParameterList name="Neutrons per Fission">
      <Parameter name="Type" type="string" value="Constant"/>
      <Parameter name="Value" type="double" value="2.2"/> 
    </ParameterList>
    <ParameterList name="Neutron Source">
      <ParameterList name="Truncated KL Expansion">
	<Parameter name="Number of KL Terms" type="int" value="5"/>
	<Parameter name="Mean" type="double" value="10.0"/>
	<Parameter name="Standard Deviation" type="double" value="5.0"/>
	<Parameter name="Domain Lower Bounds" type="string" value="{0.0}"/>
	<Parameter name="Domain Upper Bounds" type="string" value="{10.0}"/>
	<Parameter name="Correlation Lengths" type="string" value="{4.0}"/>
      </ParameterList>
    </ParameterList>
    <Parameter name="Have Pressure Stabilization" type="bool" value="0"/>
    <Parameter name="Have SUPG Stabilization" type="bool" value="0"/>
    <Parameter name="Solution Method" type="string" value="Steady"/>
    <Parameter name="Stochastic" type="bool" value="false"/>
    <Parameter name="Number of Spatial Processors" type="int" value="-1"/>
    <ParameterList name="Dirichlet BCs">
      <Parameter name="DBC on NS NodeSet0 for DOF phi" type="double" value="0.0"/>
      <Parameter name="DBC on NS NodeSet1 for DOF phi" type="double" value="0.0"/>
      <Parameter name="DBC on NS NodeSet2 for DOF phi" type="double" value="0.0"/>
      <Parameter name="DBC on NS NodeSet3 for DOF phi" type="double" value="0.0"/>
    </ParameterList>
    <ParameterList name="Parameters">
      <Parameter name="Number of Parameter Vectors" type="int" value="1"/>
      <ParameterList name="Parameter Vector 0">
	<Parameter name="Number" type="int" value="1"/>
	<Parameter name="Parameter 0" type="string" value="Temperature"/>
      </ParameterList>
      <ParameterList name="Parameter Vector 1">
	<Parameter name="Number" type="int" value="0"/>
	<Parameter name="Parameter 0" type="string"
		   value="Neutron Source KL Random Variable 0"/>
	<Parameter name="Parameter 1" type="string"
		   value="Neutron Source KL Random Variable 1"/>
	<Parameter name="Parameter 2" type="string"
		   value="Neutron Source KL Random Variable 2"/>
	<Parameter name="Parameter 3" type="string"
		   value="Neutron Source KL Random Variable 3"/>
	<Parameter name="Parameter 4" type="string"
		   value="Neutron Source KL Random Variable 4"/>
	<Parameter name="Parameter 5" type="string"
		   value="Neutron Source KL Random Variable 5"/>
	<Parameter name="Parameter 6" type="string"
		   value="Neutron Source KL Random Variable 6"/>
	<Parameter name="Parameter 7" type="string"
		   value="Neutron Source KL Random Variable 7"/>
	<Parameter name="Parameter 8" type="string"
		   value="Neutron Source KL Random Variable 8"/>
	<Parameter name="Parameter 9" type="string"
		   value="Neutron Source KL Random Variable 9"/>
      </ParameterList>
    </ParameterList>    
    <ParameterList name="Response Functions">
      <Parameter name="Number" type="int" value="1"/>
      <Parameter name="Response 0" type="string" value="Solution Average"/>
    </ParameterList>
  </ParameterList>
  <ParameterList name="Discretization">
    <Parameter name="1D Elements" type="int" value="32"/>
    <Parameter name="2D Elements" type="int" value="32"/>
    <Parameter name="1D Scale" type="double" value="10.0"/>
    <Parameter name="2D Scale" type="double" value="10.0"/>
    <Parameter name="Method" type="string" value="STK2D"/>
    <!--Parameter name="Exodus Output File Name" type="string" value="sgheat_out.exo"/-->
  </ParameterList>
  <ParameterList name="Regression Results">
    <Parameter  name="Number of Comparisons" type="int" value="0"/>
    <Parameter  name="Test Values" type="Array(double)" value="{4.8729}"/>
    <Parameter  name="Relative Tolerance" type="double" value="1.0e-3"/>
    <Parameter  name="Number of Sensitivity Comparisons" type="int" value="0"/>
    <Parameter  name="Sensitivity Test Values 0" type="Array(double)"
		value="{0.005621}"/>
    <Parameter  name="Number of Dakota Comparisons" type="int" value="0"/>
  </ParameterList>
  <ParameterList name="VTK">
    <Parameter name="Do Visualization" type="bool" value="0"/>
    <Parameter name="Visualize Sensitivities" type="bool" value="0"/>
  </ParameterList>
  <ParameterList name="Piro">
    <Parameter name="Print Convergence Stats" type="bool" value="0"/>
    <Parameter name="Solver Type" type="string" value="NOX"/>
    <ParameterList name="NOX">
      <ParameterList name="Status Tests">
	<Parameter name="Test Type" type="string" value="Combo"/>
	<Parameter name="Combo Type" type="string" value="OR"/>
	<Parameter name="Number of Tests" type="int" value="2"/>
	<ParameterList name="Test 0">
	  <Parameter name="Test Type" type="string" value="Combo"/>
	  <Parameter name="Combo Type" type="string" value="AND"/>
	  <Parameter name="Number of Tests" type="int" value="2"/>
	  <ParameterList name="Test 0">
	    <Parameter name="Test Type" type="string" value="NormF"/>
	    <Parameter name="Norm Type" type="string" value="Two Norm"/>
	    <Parameter name="Scale Type" type="string" value="Scaled"/>
	    <Parameter name="Tolerance" type="double" value="1e-8"/>
	  </ParameterList>
	  <ParameterList name="Test 1">
	    <Parameter name="Test Type" type="string" value="NormWRMS"/>
	    <Parameter name="Absolute Tolerance" type="double" value="1e-8"/>
	    <Parameter name="Relative Tolerance" type="double" value="1e-12"/>
	  </ParameterList>
	</ParameterList>
	<ParameterList name="Test 1">
	  <Parameter name="Test Type" type="string" value="MaxIters"/>
	  <Parameter name="Maximum Iterations" type="int" value="10"/>
	</ParameterList>
      </ParameterList>
      <ParameterList name="Direction">
	<Parameter name="Method" type="string" value="Newton"/>
	<ParameterList name="Newton">
	  <Parameter name="Forcing Term Method" type="string" value="Constant"/>
	  <ParameterList name="Linear Solver">
	    <Parameter name="Write Linear System" type="bool" value="false"/>
	  </ParameterList>
	  <ParameterList name="Stratimikos Linear Solver">
	    <ParameterList name="NOX Stratimikos Options">
	    </ParameterList>
	    <ParameterList name="Stratimikos">
	      <Parameter name="Linear Solver Type" type="string" value="AztecOO"/>
	      <ParameterList name="Linear Solver Types">
		<ParameterList name="AztecOO">
		  <ParameterList name="Forward Solve"> 
		    <ParameterList name="AztecOO Settings">
		      <Parameter name="Aztec Solver" type="string" value="GMRES"/>
		      <Parameter name="Convergence Test" type="string" value="r0"/>
		      <Parameter name="Size of Krylov Subspace" type="int" value="50"/>
		      <Parameter name="Output Frequency" type="int" value="20"/>
		    </ParameterList>
		    <Parameter name="Max Iterations" type="int" value="250"/>
		    <Parameter name="Tolerance" type="double" value="1e-6"/>
		  </ParameterList>
		  <ParameterList name="VerboseObject"> 
		    <Parameter name="Verbosity Level" type="string" 
			       value="none"/>
		  </ParameterList>
		</ParameterList>
	      </ParameterList>
	      <Parameter name="Preconditioner Type" type="string" value="Ifpack"/>
	      <ParameterList name="Preconditioner Types">
		<ParameterList name="ML">
		  <Parameter name="Base Method Defaults" type="string" 
			     value="none"/>
		  <ParameterList name="ML Settings">
		    <Parameter name="default values" type="string" value="SA"/>
		    <Parameter name="smoother: type" type="string" 
			       value="ML symmetric Gauss-Seidel"/>
		    <Parameter name="smoother: pre or post" type="string" 
			       value="both"/>
		    <Parameter name="coarse: type" type="string" 
			       value="Amesos-KLU"/>
		    <Parameter name="PDE equations" type="int" 
			       value="4"/>
		  </ParameterList>
		</ParameterList>
	      </ParameterList>
	    </ParameterList>
	  </ParameterList>

	  <Parameter name="Rescue Bad Newton Solve" type="bool" value="1"/>
	</ParameterList>
      </ParameterList>
      <ParameterList name="Line Search">
	<ParameterList name="Full Step">
	  <Parameter name="Full Step" type="double" value="1"/>
	</ParameterList>
	<Parameter name="Method" type="string" value="Full Step"/>
      </ParameterList>
      <Parameter name="Nonlinear Solver" type="string" value="Line Search Based"/>
      <ParameterList name="Printing">
	<!--Parameter name="Output Information" type="int" value="103"/-->
	<Parameter name="Output Information" type="int" value="0"/>
	<!--Parameter name="Output Information" type="int" value="127"/-->
	<Parameter name="Output Precision" type="int" value="3"/>
	<Parameter name="Output Processor" type="int" value="0"/>
      </ParameterList>
      <ParameterList name="Solver Options">
	<Parameter name="Status Test Check Type" type="string" value="Minimal"/>
      </ParameterList>
    </ParameterList>
  </ParameterList>
</ParameterList>
mpirun -np 1 /Users/etphipp/development/Albany/build/opt_mpi/src/AlbanyCoupled input_network_coupled.xml >> albany_red_32.out 2>&1
Teuchos::GlobalMPISession::GlobalMPISession(): started processor with name antero.sandia.gov and rank 0!
Navier-Stokes problem:
	Spatial dimension:      2
	Flow variables:         None
	Heat variables:         DOF
	Neutronics variables:   Constant
	Pressure stabilization: 0
	Upwind stabilization:   0
	Porous media:           0
TmplSTKMeshStruct:: Creating 2D mesh of size 32x32 elements and scaled to 10x10
CellTopology is Quadrilateral_4 with nodes 4  dim 2
Field Dimensions: Workset=49, Vertices= 4, Nodes= 4, QuadPts= 4, Dim= 2
CellTopology is Quadrilateral_4 with nodes 4  dim 2
Field Dimensions: Workset=49, Vertices= 4, Nodes= 4, QuadPts= 4, Dim= 2
CellTopology is Quadrilateral_4 with nodes 4  dim 2
Field Dimensions: Workset=49, Vertices= 4, Nodes= 4, QuadPts= 4, Dim= 2
CellTopology is Quadrilateral_4 with nodes 4  dim 2
Field Dimensions: Workset=49, Vertices= 4, Nodes= 4, QuadPts= 4, Dim= 2
CellTopology is Quadrilateral_4 with nodes 4  dim 2
Field Dimensions: Workset=49, Vertices= 4, Nodes= 4, QuadPts= 4, Dim= 2
CellTopology is Quadrilateral_4 with nodes 4  dim 2
Field Dimensions: Workset=49, Vertices= 4, Nodes= 4, QuadPts= 4, Dim= 2
CellTopology is Quadrilateral_4 with nodes 4  dim 2
Field Dimensions: Workset=49, Vertices= 4, Nodes= 4, QuadPts= 4, Dim= 2
CellTopology is Quadrilateral_4 with nodes 4  dim 2
Field Dimensions: Workset=49, Vertices= 4, Nodes= 4, QuadPts= 4, Dim= 2
CellTopology is Quadrilateral_4 with nodes 4  dim 2
Field Dimensions: Workset=49, Vertices= 4, Nodes= 4, QuadPts= 4, Dim= 2
CellTopology is Quadrilateral_4 with nodes 4  dim 2
Field Dimensions: Workset=49, Vertices= 4, Nodes= 4, QuadPts= 4, Dim= 2
CellTopology is Quadrilateral_4 with nodes 4  dim 2
Field Dimensions: Workset=49, Vertices= 4, Nodes= 4, QuadPts= 4, Dim= 2
CellTopology is Quadrilateral_4 with nodes 4  dim 2
Field Dimensions: Workset=49, Vertices= 4, Nodes= 4, QuadPts= 4, Dim= 2
CellTopology is Quadrilateral_4 with nodes 4  dim 2
Field Dimensions: Workset=49, Vertices= 4, Nodes= 4, QuadPts= 4, Dim= 2
CellTopology is Quadrilateral_4 with nodes 4  dim 2
Field Dimensions: Workset=49, Vertices= 4, Nodes= 4, QuadPts= 4, Dim= 2
CellTopology is Quadrilateral_4 with nodes 4  dim 2
Field Dimensions: Workset=49, Vertices= 4, Nodes= 4, QuadPts= 4, Dim= 2
CellTopology is Quadrilateral_4 with nodes 4  dim 2
Field Dimensions: Workset=49, Vertices= 4, Nodes= 4, QuadPts= 4, Dim= 2
CellTopology is Quadrilateral_4 with nodes 4  dim 2
Field Dimensions: Workset=49, Vertices= 4, Nodes= 4, QuadPts= 4, Dim= 2
CellTopology is Quadrilateral_4 with nodes 4  dim 2
Field Dimensions: Workset=49, Vertices= 4, Nodes= 4, QuadPts= 4, Dim= 2
STKDisc: 1024 elements on Proc 0 
STKDisc: nodeset NodeSet0 has size 33  on Proc 0.
STKDisc: nodeset NodeSet1 has size 33  on Proc 0.
STKDisc: nodeset NodeSet2 has size 33  on Proc 0.
STKDisc: nodeset NodeSet3 has size 33  on Proc 0.
STKDisc: sideset SideSet0 has size 32  on Proc 0.
STKDisc: sideset SideSet1 has size 32  on Proc 0.
STKDisc: sideset SideSet2 has size 32  on Proc 0.
STKDisc: sideset SideSet3 has size 32  on Proc 0.

xxxxxxxxxxxxxxxxxxxxxxxxxxxxxxxxxxxxxxxxxxxxxxx
 Sacado ParameterLibrary has been initialized:
 Library of all registered parameters:
	DBC on NS NodeSet0 for DOF T:  Supports AD = 1, Supports_Analytic = 0
	DBC on NS NodeSet1 for DOF T:  Supports AD = 1, Supports_Analytic = 0
	DBC on NS NodeSet2 for DOF T:  Supports AD = 1, Supports_Analytic = 0
	DBC on NS NodeSet3 for DOF T:  Supports AD = 1, Supports_Analytic = 0
	Density:  Supports AD = 1, Supports_Analytic = 0
	Energy Released per Fission:  Supports AD = 1, Supports_Analytic = 0
	Fission Cross Section:  Supports AD = 1, Supports_Analytic = 0
	Neutron Flux:  Supports AD = 1, Supports_Analytic = 0
	Specific Heat:  Supports AD = 1, Supports_Analytic = 0
	Thermal Conductivity KL Random Variable 0:  Supports AD = 1, Supports_Analytic = 0
	Thermal Conductivity KL Random Variable 1:  Supports AD = 1, Supports_Analytic = 0
	Thermal Conductivity KL Random Variable 2:  Supports AD = 1, Supports_Analytic = 0
	Thermal Conductivity KL Random Variable 3:  Supports AD = 1, Supports_Analytic = 0
	Thermal Conductivity KL Random Variable 4:  Supports AD = 1, Supports_Analytic = 0
xxxxxxxxxxxxxxxxxxxxxxxxxxxxxxxxxxxxxxxxxxxxxxx

Number of parameters vectors  = 1
Number of parameters in parameter vector 0 = 1
Navier-Stokes problem:
	Spatial dimension:      2
	Flow variables:         None
	Heat variables:         Constant
	Neutronics variables:   DOF
	Pressure stabilization: 0
	Upwind stabilization:   0
	Porous media:           0
TmplSTKMeshStruct:: Creating 2D mesh of size 32x32 elements and scaled to 10x10
CellTopology is Quadrilateral_4 with nodes 4  dim 2
Field Dimensions: Workset=49, Vertices= 4, Nodes= 4, QuadPts= 4, Dim= 2
CellTopology is Quadrilateral_4 with nodes 4  dim 2
Field Dimensions: Workset=49, Vertices= 4, Nodes= 4, QuadPts= 4, Dim= 2
CellTopology is Quadrilateral_4 with nodes 4  dim 2
Field Dimensions: Workset=49, Vertices= 4, Nodes= 4, QuadPts= 4, Dim= 2
CellTopology is Quadrilateral_4 with nodes 4  dim 2
Field Dimensions: Workset=49, Vertices= 4, Nodes= 4, QuadPts= 4, Dim= 2
CellTopology is Quadrilateral_4 with nodes 4  dim 2
Field Dimensions: Workset=49, Vertices= 4, Nodes= 4, QuadPts= 4, Dim= 2
CellTopology is Quadrilateral_4 with nodes 4  dim 2
Field Dimensions: Workset=49, Vertices= 4, Nodes= 4, QuadPts= 4, Dim= 2
CellTopology is Quadrilateral_4 with nodes 4  dim 2
Field Dimensions: Workset=49, Vertices= 4, Nodes= 4, QuadPts= 4, Dim= 2
CellTopology is Quadrilateral_4 with nodes 4  dim 2
Field Dimensions: Workset=49, Vertices= 4, Nodes= 4, QuadPts= 4, Dim= 2
CellTopology is Quadrilateral_4 with nodes 4  dim 2
Field Dimensions: Workset=49, Vertices= 4, Nodes= 4, QuadPts= 4, Dim= 2
CellTopology is Quadrilateral_4 with nodes 4  dim 2
Field Dimensions: Workset=49, Vertices= 4, Nodes= 4, QuadPts= 4, Dim= 2
CellTopology is Quadrilateral_4 with nodes 4  dim 2
Field Dimensions: Workset=49, Vertices= 4, Nodes= 4, QuadPts= 4, Dim= 2
CellTopology is Quadrilateral_4 with nodes 4  dim 2
Field Dimensions: Workset=49, Vertices= 4, Nodes= 4, QuadPts= 4, Dim= 2
CellTopology is Quadrilateral_4 with nodes 4  dim 2
Field Dimensions: Workset=49, Vertices= 4, Nodes= 4, QuadPts= 4, Dim= 2
CellTopology is Quadrilateral_4 with nodes 4  dim 2
Field Dimensions: Workset=49, Vertices= 4, Nodes= 4, QuadPts= 4, Dim= 2
CellTopology is Quadrilateral_4 with nodes 4  dim 2
Field Dimensions: Workset=49, Vertices= 4, Nodes= 4, QuadPts= 4, Dim= 2
CellTopology is Quadrilateral_4 with nodes 4  dim 2
Field Dimensions: Workset=49, Vertices= 4, Nodes= 4, QuadPts= 4, Dim= 2
CellTopology is Quadrilateral_4 with nodes 4  dim 2
Field Dimensions: Workset=49, Vertices= 4, Nodes= 4, QuadPts= 4, Dim= 2
CellTopology is Quadrilateral_4 with nodes 4  dim 2
Field Dimensions: Workset=49, Vertices= 4, Nodes= 4, QuadPts= 4, Dim= 2
STKDisc: 1024 elements on Proc 0 
STKDisc: nodeset NodeSet0 has size 33  on Proc 0.
STKDisc: nodeset NodeSet1 has size 33  on Proc 0.
STKDisc: nodeset NodeSet2 has size 33  on Proc 0.
STKDisc: nodeset NodeSet3 has size 33  on Proc 0.
STKDisc: sideset SideSet0 has size 32  on Proc 0.
STKDisc: sideset SideSet1 has size 32  on Proc 0.
STKDisc: sideset SideSet2 has size 32  on Proc 0.
STKDisc: sideset SideSet3 has size 32  on Proc 0.

xxxxxxxxxxxxxxxxxxxxxxxxxxxxxxxxxxxxxxxxxxxxxxx
 Sacado ParameterLibrary has been initialized:
 Library of all registered parameters:
	Absorption Cross Section Reference Value:  Supports AD = 1, Supports_Analytic = 0
	Average Scattering Angle:  Supports AD = 1, Supports_Analytic = 0
	DBC on NS NodeSet0 for DOF phi:  Supports AD = 1, Supports_Analytic = 0
	DBC on NS NodeSet1 for DOF phi:  Supports AD = 1, Supports_Analytic = 0
	DBC on NS NodeSet2 for DOF phi:  Supports AD = 1, Supports_Analytic = 0
	DBC on NS NodeSet3 for DOF phi:  Supports AD = 1, Supports_Analytic = 0
	Fission Cross Section Reference Value:  Supports AD = 1, Supports_Analytic = 0
	Neutron Source KL Random Variable 0:  Supports AD = 1, Supports_Analytic = 0
	Neutron Source KL Random Variable 1:  Supports AD = 1, Supports_Analytic = 0
	Neutron Source KL Random Variable 2:  Supports AD = 1, Supports_Analytic = 0
	Neutron Source KL Random Variable 3:  Supports AD = 1, Supports_Analytic = 0
	Neutron Source KL Random Variable 4:  Supports AD = 1, Supports_Analytic = 0
	Neutrons per Fission:  Supports AD = 1, Supports_Analytic = 0
	Reference Temperature:  Supports AD = 1, Supports_Analytic = 0
	Scattering Cross Section:  Supports AD = 1, Supports_Analytic = 0
	Temperature:  Supports AD = 1, Supports_Analytic = 0
xxxxxxxxxxxxxxxxxxxxxxxxxxxxxxxxxxxxxxxxxxxxxxx

Number of parameters vectors  = 1
Number of parameters in parameter vector 0 = 1
Eliminating model 1 states...Step Converged
Eliminating model 2 states...Step Converged
************************************************************************
-- Status Test Results --
**...........OR Combination -> 
  **...........AND Combination -> 
    **...........F-Norm = 1.975e+02 < 1.000e-08
                 (Length-Scaled Two-Norm, Absolute Tolerance)
    ??...........WRMS-Norm = 1.000e+12 < 1
  **...........Number of Iterations = 0 < 10
************************************************************************

************************************************************************
-- Nonlinear Solver Step 0 -- 
||F|| = 2.794e+02  step = 0.000e+00  dx = 0.000e+00
************************************************************************

Eliminating model 1 states...Step Converged
Eliminating model 2 states...Step Converged

       Creating a new preconditioner

       Time required to create preconditioner : 0.000139 (sec.)

 Solving block system using AztecOO ...
 
 
 		*******************************************************
 		***** Problem: Epetra::CrsMatrix
 		***** Preconditioned GMRES solution
 		***** Ifpack_AdditiveSchwarz, ov = 0, local solver = 
 		***** `IFPACK ILU (fill=0, relax=0.000000, athr=0.000000, rthr=1.000000)'
 		***** Condition number estimate = 1.01151
 		***** No scaling
 		*******************************************************
 
                 iter:    0           residual = 1.000000e+00
                 iter:    1           residual = 0.000000e+00
 
 
 		Solution time: 0.000034 (sec.)
 		total iterations: 1
 
 
 Total solve time = 0.000127077 sec
 Eliminating model 1 states...Step Converged
Eliminating model 2 states...Step Converged
************************************************************************
-- Status Test Results --
**...........OR Combination -> 
  **...........AND Combination -> 
    **...........F-Norm = 3.715e-05 < 1.000e-08
                 (Length-Scaled Two-Norm, Absolute Tolerance)
    ??...........WRMS-Norm = 1.000e+12 < 1
  **...........Number of Iterations = 1 < 10
************************************************************************

************************************************************************
-- Nonlinear Solver Step 1 -- 
||F|| = 5.254e-05  step = 1.000e+00  dx = 2.793e+02
************************************************************************

Eliminating model 1 states...Step Converged
Eliminating model 2 states...Step Converged

       Creating a new preconditioner

       Time required to create preconditioner : 0.000136 (sec.)

  Solving block system using AztecOO ...
  
  
  		*******************************************************
  		***** Problem: Epetra::CrsMatrix
  		***** Preconditioned GMRES solution
  		***** Ifpack_AdditiveSchwarz, ov = 0, local solver = 
  		***** `IFPACK ILU (fill=0, relax=0.000000, athr=0.000000, rthr=1.000000)'
  		***** Condition number estimate = 1.01151
  		***** No scaling
  		*******************************************************
  
                  iter:    0           residual = 1.000000e+00
                  iter:    1           residual = 9.757817e-19
  
  
  		Solution time: 0.000034 (sec.)
  		total iterations: 1
  
  
  Total solve time = 0.000116825 sec
 Eliminating model 1 states...Step Converged
Eliminating model 2 states...Step Converged
************************************************************************
-- Status Test Results --
**...........OR Combination -> 
  **...........AND Combination -> 
    Converged....F-Norm = 3.640e-13 < 1.000e-08
                 (Length-Scaled Two-Norm, Absolute Tolerance)
    **...........WRMS-Norm = 2.001e+03 < 1
                 (Min Step Size:  1.000e+00 >= 1)
  **...........Number of Iterations = 2 < 10
************************************************************************

************************************************************************
-- Nonlinear Solver Step 2 -- 
||F|| = 5.147e-13  step = 1.000e+00  dx = 5.253e-05
************************************************************************

Eliminating model 1 states...Step Converged
Eliminating model 2 states...Step Converged

       Creating a new preconditioner

       Time required to create preconditioner : 0.000135 (sec.)

  Solving block system using AztecOO ...
  
  
  		*******************************************************
  		***** Problem: Epetra::CrsMatrix
  		***** Preconditioned GMRES solution
  		***** Ifpack_AdditiveSchwarz, ov = 0, local solver = 
  		***** `IFPACK ILU (fill=0, relax=0.000000, athr=0.000000, rthr=1.000000)'
  		***** Condition number estimate = 1.01151
  		***** No scaling
  		*******************************************************
  
                  iter:    0           residual = 1.000000e+00
                  iter:    1           residual = 3.065091e-18
  
  
  		Solution time: 0.000035 (sec.)
  		total iterations: 1
  
  
  Total solve time = 0.000119209 sec
 Eliminating model 1 states...Step Converged
Eliminating model 2 states...Step Converged

************************************************************************
-- Nonlinear Solver Step 3 -- 
||F|| = 1.421e-14  step = 1.000e+00  dx = 5.151e-13 (Converged!)
************************************************************************

************************************************************************
-- Final Status Test Results --
Converged....OR Combination -> 
  Converged....AND Combination -> 
    Converged....F-Norm = 1.005e-14 < 1.000e-08
                 (Length-Scaled Two-Norm, Absolute Tolerance)
    Converged....WRMS-Norm = 9.418e-06 < 1
                 (Min Step Size:  1.000e+00 >= 1)
  ??...........Number of Iterations = -1 < 10
************************************************************************
Step Converged
Eliminating model 1 states...Step Converged
Eliminating model 2 states...Step Converged

 Final value of coupling variables:
 Epetra::Vector     MyPID           GID               Value  
          0             0                 85.6619
          0             1                 301.005
 
 
 CheckTestResults: Number of Comparisons Attempted = 0
 
 Number of Failed Comparisons: 0
 ===============================================================================================
 
                              TimeMonitor results over 1 processor
 
 Timer Name                                                          Global time (num calls)    
 -----------------------------------------------------------------------------------------------
 > Albany Fill: Jacobian                                             0.2059 (31)                
 > Albany Fill: Residual                                             0.09232 (41)               
 > Albany Fill: Tangent                                              0.05867 (6)                
 Albany: ***Total Time***                                            0.6185 (1)                 
 Albany: **Total Fill Time**                                         0.362 (88)                 
 Albany: Output to Exodus                                            4.196e-05 (2)              
 Albany: Setup Time                                                  0.6185 (1)                 
 Ifpack_ILU::ApplyInverse                                            0.007519 (305)             
 Ifpack_ILU::ApplyInverse - Solve                                    0.007316 (305)             
 Ifpack_ILU::Compute                                                 0.009017 (18)              
 -----------------------------------------------------------------------------------------------
 Ifpack_ILU::ComputeSetup                                            0.003912 (18)              
 Ifpack_ILU::Initialize                                              0.01356 (18)               
 NECoupledModelEvaluator -- Model nonlinear elimination              0.5197 (16)                
 NECoupledModelEvaluator -- dimension projection                     1.907e-06 (16)             
 NECoupledModelEvaluator -- dimension reduction                      7.677e-05 (16)             
 NOX: Total Linear Solve Time                                        0.04618 (34)               
 NOX: Total Preconditioner Generation Time                           0.1078 (34)                
 Phalanx: Evaluator 0: Gather Solution<Residual>                     0.001497 (441)             
 Phalanx: Evaluator 10: Specific Heat<Residual>                      0.0001202 (441)            
 Phalanx: Evaluator 11: Thermal Conductivity<Residual>               0.01285 (441)              
 -----------------------------------------------------------------------------------------------
 Phalanx: Evaluator 12: Fission Cross Section<Residual>              0.000139 (441)             
 Phalanx: Evaluator 13: Energy Released per Fission<Residual>        0.0001128 (441)            
 Phalanx: Evaluator 144: DBC on NS NodeSet0 for DOF T<Residual>      2.265e-05 (21)             
 Phalanx: Evaluator 145: DBC on NS NodeSet0 for DOF T<Jacobian>      5.937e-05 (16)             
 Phalanx: Evaluator 146: DBC on NS NodeSet0 for DOF T<Tangent>       5.96e-06 (3)               
 Phalanx: Evaluator 14: NeutronFissionSource<Residual>               0.0003269 (441)            
 Phalanx: Evaluator 153: DBC on NS NodeSet1 for DOF T<Residual>      9.537e-06 (21)             
 Phalanx: Evaluator 154: DBC on NS NodeSet1 for DOF T<Jacobian>      3.123e-05 (16)             
 Phalanx: Evaluator 155: DBC on NS NodeSet1 for DOF T<Tangent>       2.146e-06 (3)              
 Phalanx: Evaluator 15: NSThermalEqResid<Residual>                   0.003941 (441)             
 -----------------------------------------------------------------------------------------------
 Phalanx: Evaluator 162: DBC on NS NodeSet2 for DOF T<Residual>      5.722e-06 (21)             
 Phalanx: Evaluator 163: DBC on NS NodeSet2 for DOF T<Jacobian>      2.909e-05 (16)             
 Phalanx: Evaluator 164: DBC on NS NodeSet2 for DOF T<Tangent>       1.192e-06 (3)              
 Phalanx: Evaluator 16: Gather Solution<Jacobian>                    0.0107 (336)               
 Phalanx: Evaluator 171: DBC on NS NodeSet3 for DOF T<Residual>      1.001e-05 (21)             
 Phalanx: Evaluator 172: DBC on NS NodeSet3 for DOF T<Jacobian>      3.028e-05 (16)             
 Phalanx: Evaluator 173: DBC on NS NodeSet3 for DOF T<Tangent>       9.537e-07 (3)              
 Phalanx: Evaluator 17: DOFInterpolation<Jacobian>                   0.004468 (336)             
 Phalanx: Evaluator 180: Dirichlet Aggregator<Residual>              5.007e-06 (21)             
 Phalanx: Evaluator 181: Dirichlet Aggregator<Jacobian>              2.861e-06 (16)             
 -----------------------------------------------------------------------------------------------
 Phalanx: Evaluator 182: Dirichlet Aggregator<Tangent>               0 (3)                      
 Phalanx: Evaluator 18: DOFInterpolation<Jacobian>                   0.00456 (336)              
 Phalanx: Evaluator 19: DOFGradInterpolation<Jacobian>               0.009357 (336)             
 Phalanx: Evaluator 1: DOFInterpolation<Residual>                    0.0007925 (441)            
 Phalanx: Evaluator 20: Scatter Temperature<Jacobian>                0.01051 (336)              
 Phalanx: Evaluator 21: Neutron Flux<Jacobian>                       0.0007665 (336)            
 Phalanx: Evaluator 22: Gather Coordinate Vector<Jacobian>           0.0004547 (336)            
 Phalanx: Evaluator 23: MapToPhysicalFrame<Jacobian>                 0.002377 (336)             
 Phalanx: Evaluator 24: ComputeBasisFunctions<Jacobian>              0.01298 (336)              
 Phalanx: Evaluator 25: Density<Jacobian>                            0.0008059 (336)            
 -----------------------------------------------------------------------------------------------
 Phalanx: Evaluator 26: Specific Heat<Jacobian>                      0.0007598 (336)            
 Phalanx: Evaluator 27: Thermal Conductivity<Jacobian>               0.01271 (336)              
 Phalanx: Evaluator 28: Fission Cross Section<Jacobian>              0.0007586 (336)            
 Phalanx: Evaluator 29: Energy Released per Fission<Jacobian>        0.0007405 (336)            
 Phalanx: Evaluator 2: DOFInterpolation<Residual>                    0.0007174 (441)            
 Phalanx: Evaluator 30: NeutronFissionSource<Jacobian>               0.0008197 (336)            
 Phalanx: Evaluator 31: NSThermalEqResid<Jacobian>                   0.02868 (336)              
 Phalanx: Evaluator 32: Gather Solution<Tangent>                     0.0003605 (63)             
 Phalanx: Evaluator 333: Temperature<Residual>                       0.0001183 (420)            
 Phalanx: Evaluator 334: Gather Solution<Residual>                   0.001385 (420)             
 -----------------------------------------------------------------------------------------------
 Phalanx: Evaluator 335: DOFInterpolation<Residual>                  0.0007541 (420)            
 Phalanx: Evaluator 337: DOFGradInterpolation<Residual>              0.001649 (420)             
 Phalanx: Evaluator 338: Scatter Neutron<Residual>                   0.0006385 (420)            
 Phalanx: Evaluator 339: Gather Coordinate Vector<Residual>          0.0008142 (420)            
 Phalanx: Evaluator 33: DOFInterpolation<Tangent>                    0.0002902 (63)             
 Phalanx: Evaluator 340: MapToPhysicalFrame<Residual>                0.002686 (420)             
 Phalanx: Evaluator 341: ComputeBasisFunctions<Residual>             0.01578 (420)              
 Phalanx: Evaluator 342: Neutron Diffusion Coefficient<Residual>     0.0005841 (420)            
 Phalanx: Evaluator 344: Absorption Cross Section<Residual>          0.002173 (420)             
 Phalanx: Evaluator 345: Scattering Cross Section<Residual>          0.0001268 (420)            
 -----------------------------------------------------------------------------------------------
 Phalanx: Evaluator 346: Fission Cross Section<Residual>             0.002146 (420)             
 Phalanx: Evaluator 347: Neutrons per Fission<Residual>              0.0001142 (420)            
 Phalanx: Evaluator 348: Average Scattering Angle<Residual>          0.0001092 (420)            
 Phalanx: Evaluator 349: TruncatedKLSource<Residual>                 0.0126 (420)               
 Phalanx: Evaluator 34: DOFInterpolation<Tangent>                    0.0002933 (63)             
 Phalanx: Evaluator 350: NSNeutronEqResid<Residual>                  0.003427 (420)             
 Phalanx: Evaluator 351: Temperature<Jacobian>                       0.0007 (315)               
 Phalanx: Evaluator 352: Gather Solution<Jacobian>                   0.01009 (315)              
 Phalanx: Evaluator 353: DOFInterpolation<Jacobian>                  0.004171 (315)             
 Phalanx: Evaluator 355: DOFGradInterpolation<Jacobian>              0.008978 (315)             
 -----------------------------------------------------------------------------------------------
 Phalanx: Evaluator 356: Scatter Neutron<Jacobian>                   0.009704 (315)             
 Phalanx: Evaluator 357: Gather Coordinate Vector<Jacobian>          0.0004094 (315)            
 Phalanx: Evaluator 358: MapToPhysicalFrame<Jacobian>                0.00227 (315)              
 Phalanx: Evaluator 359: ComputeBasisFunctions<Jacobian>             0.01222 (315)              
 Phalanx: Evaluator 35: DOFGradInterpolation<Tangent>                0.001902 (63)              
 Phalanx: Evaluator 360: Neutron Diffusion Coefficient<Jacobian>     0.001149 (315)             
 Phalanx: Evaluator 362: Absorption Cross Section<Jacobian>          0.001636 (315)             
 Phalanx: Evaluator 363: Scattering Cross Section<Jacobian>          0.000742 (315)             
 Phalanx: Evaluator 364: Fission Cross Section<Jacobian>             0.001634 (315)             
 Phalanx: Evaluator 365: Neutrons per Fission<Jacobian>              0.0007646 (315)            
 -----------------------------------------------------------------------------------------------
 Phalanx: Evaluator 366: Average Scattering Angle<Jacobian>          0.0006921 (315)            
 Phalanx: Evaluator 367: TruncatedKLSource<Jacobian>                 0.01188 (315)              
 Phalanx: Evaluator 368: NSNeutronEqResid<Jacobian>                  0.02539 (315)              
 Phalanx: Evaluator 369: Temperature<Tangent>                        0.0001631 (63)             
 Phalanx: Evaluator 36: Scatter Temperature<Tangent>                 0.0006804 (63)             
 Phalanx: Evaluator 370: Gather Solution<Tangent>                    0.000335 (63)              
 Phalanx: Evaluator 371: DOFInterpolation<Tangent>                   0.000299 (63)              
 Phalanx: Evaluator 373: DOFGradInterpolation<Tangent>               0.001896 (63)              
 Phalanx: Evaluator 374: Scatter Neutron<Tangent>                    0.0006602 (63)             
 Phalanx: Evaluator 375: Gather Coordinate Vector<Tangent>           0.001949 (63)              
 -----------------------------------------------------------------------------------------------
 Phalanx: Evaluator 376: MapToPhysicalFrame<Tangent>                 0.001633 (63)              
 Phalanx: Evaluator 377: ComputeBasisFunctions<Tangent>              0.01139 (63)               
 Phalanx: Evaluator 378: Neutron Diffusion Coefficient<Tangent>      0.0004284 (63)             
 Phalanx: Evaluator 37: Neutron Flux<Tangent>                        0.0001698 (63)             
 Phalanx: Evaluator 380: Absorption Cross Section<Tangent>           0.001037 (63)              
 Phalanx: Evaluator 381: Scattering Cross Section<Tangent>           0.0001407 (63)             
 Phalanx: Evaluator 382: Fission Cross Section<Tangent>              0.00103 (63)               
 Phalanx: Evaluator 383: Neutrons per Fission<Tangent>               0.0001516 (63)             
 Phalanx: Evaluator 384: Average Scattering Angle<Tangent>           0.000133 (63)              
 Phalanx: Evaluator 385: TruncatedKLSource<Tangent>                  0.003789 (63)              
 -----------------------------------------------------------------------------------------------
 Phalanx: Evaluator 386: NSNeutronEqResid<Tangent>                   0.004859 (63)              
 Phalanx: Evaluator 38: Gather Coordinate Vector<Tangent>            0.001965 (63)              
 Phalanx: Evaluator 39: MapToPhysicalFrame<Tangent>                  0.001646 (63)              
 Phalanx: Evaluator 3: DOFGradInterpolation<Residual>                0.001726 (441)             
 Phalanx: Evaluator 40: ComputeBasisFunctions<Tangent>               0.01129 (63)               
 Phalanx: Evaluator 41: Density<Tangent>                             0.0001466 (63)             
 Phalanx: Evaluator 42: Specific Heat<Tangent>                       0.0001371 (63)             
 Phalanx: Evaluator 43: Thermal Conductivity<Tangent>                0.003829 (63)              
 Phalanx: Evaluator 44: Fission Cross Section<Tangent>               0.0001369 (63)             
 Phalanx: Evaluator 45: Energy Released per Fission<Tangent>         0.0001335 (63)             
 -----------------------------------------------------------------------------------------------
 Phalanx: Evaluator 46: NeutronFissionSource<Tangent>                0.0002196 (63)             
 Phalanx: Evaluator 47: NSThermalEqResid<Tangent>                    0.005022 (63)              
 Phalanx: Evaluator 495: DBC on NS NodeSet0 for DOF phi<Residual>    2.027e-05 (20)             
 Phalanx: Evaluator 496: DBC on NS NodeSet0 for DOF phi<Jacobian>    4.435e-05 (15)             
 Phalanx: Evaluator 497: DBC on NS NodeSet0 for DOF phi<Tangent>     5.245e-06 (3)              
 Phalanx: Evaluator 4: Scatter Temperature<Residual>                 0.0006676 (441)            
 Phalanx: Evaluator 504: DBC on NS NodeSet1 for DOF phi<Residual>    5.96e-06 (20)              
 Phalanx: Evaluator 505: DBC on NS NodeSet1 for DOF phi<Jacobian>    3.195e-05 (15)             
 Phalanx: Evaluator 506: DBC on NS NodeSet1 for DOF phi<Tangent>     9.537e-07 (3)              
 Phalanx: Evaluator 513: DBC on NS NodeSet2 for DOF phi<Residual>    7.868e-06 (20)             
 -----------------------------------------------------------------------------------------------
 Phalanx: Evaluator 514: DBC on NS NodeSet2 for DOF phi<Jacobian>    2.623e-05 (15)             
 Phalanx: Evaluator 515: DBC on NS NodeSet2 for DOF phi<Tangent>     1.192e-06 (3)              
 Phalanx: Evaluator 522: DBC on NS NodeSet3 for DOF phi<Residual>    5.007e-06 (20)             
 Phalanx: Evaluator 523: DBC on NS NodeSet3 for DOF phi<Jacobian>    3.052e-05 (15)             
 Phalanx: Evaluator 524: DBC on NS NodeSet3 for DOF phi<Tangent>     1.907e-06 (3)              
 Phalanx: Evaluator 531: Dirichlet Aggregator<Residual>              3.099e-06 (20)             
 Phalanx: Evaluator 532: Dirichlet Aggregator<Jacobian>              2.384e-06 (15)             
 Phalanx: Evaluator 533: Dirichlet Aggregator<Tangent>               1.907e-06 (3)              
 Phalanx: Evaluator 5: Neutron Flux<Residual>                        0.0001183 (441)            
 Phalanx: Evaluator 6: Gather Coordinate Vector<Residual>            0.0008321 (441)            
 -----------------------------------------------------------------------------------------------
 Phalanx: Evaluator 7: MapToPhysicalFrame<Residual>                  0.002914 (441)             
 Phalanx: Evaluator 8: ComputeBasisFunctions<Residual>               0.01669 (441)              
 Phalanx: Evaluator 9: Density<Residual>                             0.0001695 (441)            
 Stratimikos: AztecOOLOWS                                            0.03768 (34)               
 Stratimikos: AztecOOLOWS:SingleSolve                                0.03651 (34)               
 ===============================================================================================
