Stats for file:  albany_red_32.out
 Total     Solve      Res       Jac       Cijk    
6.19e-01  4.62e-02  9.23e-02  2.06e-01  0.00e+00  

Stats for file:  albany_sg_red_32_2_1.out
 Total     Solve      Res       Jac       Cijk     Mean1     Mean2      Var1      Var2    
7.08e+00  7.47e-01  1.06e+00  2.92e+00  9.80e-05  8.57e+01  3.01e+02  3.46e+02  1.12e-01  

Stats for file:  albany_sg_red_32_2_2.out
 Total     Solve      Res       Jac       Cijk     Mean1     Mean2      Var1      Var2    
2.18e+01  2.46e+00  3.29e+00  9.02e+00  3.41e-04  8.57e+01  3.01e+02  3.46e+02  1.23e-01  

Stats for file:  albany_sg_red_32_2_3.out
 Total     Solve      Res       Jac       Cijk     Mean1     Mean2      Var1      Var2    
4.05e+01  5.09e+00  6.19e+00  1.66e+01  1.51e-03  8.57e+01  3.01e+02  3.46e+02  1.24e-01  

Stats for file:  albany_sg_red_32_2_4.out
 Total     Solve      Res       Jac       Cijk     Mean1     Mean2      Var1      Var2    
8.00e+01  1.19e+01  1.18e+01  3.16e+01  8.05e-03  8.57e+01  3.01e+02  3.46e+02  1.24e-01  

Stats for file:  albany_sg_red_32_2_5.out
 Total     Solve      Res       Jac       Cijk     Mean1     Mean2      Var1      Var2    
1.44e+02  2.56e+01  2.06e+01  5.48e+01  3.26e-02  8.57e+01  3.01e+02  3.46e+02  1.24e-01  

Stats for file:  albany_sg_red_32_4_1.out
 Total     Solve      Res       Jac       Cijk     Mean1     Mean2      Var1      Var2    
1.02e+01  1.08e+00  1.73e+00  4.28e+00  1.69e-04  8.57e+01  3.01e+02  3.50e+02  1.03e-01  

Stats for file:  albany_sg_red_32_4_2.out
 Total     Solve      Res       Jac       Cijk     Mean1     Mean2      Var1      Var2    
5.47e+01  7.23e+00  9.00e+00  2.28e+01  1.78e-03  8.57e+01  3.01e+02  3.50e+02  1.26e-01  

Stats for file:  albany_sg_red_32_4_3.out
 Total     Solve      Res       Jac       Cijk     Mean1     Mean2      Var1      Var2    
3.94e+02  1.04e+02  5.52e+01  1.36e+02  2.52e-02  8.57e+01  3.01e+02  3.50e+02  1.29e-01  

Stats for file:  albany_sg_red_32_4_4.out
 Total     Solve      Res       Jac       Cijk     Mean1     Mean2      Var1      Var2    
2.57e+03  1.73e+03  1.58e+02  3.67e+02  4.68e-01  8.57e+01  3.01e+02  3.50e+02  1.29e-01  

mpirun -np 1 /Users/etphipp/development/Albany/build/opt_mpi/src/AlbanySGCoupled input_network_coupled_sg_red.xml >> albany_sg_red_32_4_5.out 2>&1
Stats for file:  albany_sg_red_32_4_5.out
 Total     Solve      Res       Jac       Cijk     Mean1     Mean2      Var1      Var2    
4.75e+04  4.34e+04  6.40e+02  1.48e+03  5.50e+00  8.57e+01  3.01e+02  3.50e+02  1.29e-01  

Stats for file:  albany_ni_32.out
 Total     Solve      Res       Jac       Cijk    
6.16e-01  4.61e-02  9.20e-02  2.06e-01  0.00e+00  

Stats for file:  albany_sg_ni_32_2_1.out
 Total     Solve      Res       Jac       Cijk     Mean1     Mean2      Var1      Var2    
4.39e+00  4.09e-01  6.91e-01  1.71e+00  0.00e+00  8.57e+01  3.01e+02  3.46e+02  1.07e-01  

Stats for file:  albany_sg_ni_32_2_2.out
 Total     Solve      Res       Jac       Cijk     Mean1     Mean2      Var1      Var2    
2.38e+01  2.48e+00  3.77e+00  9.30e+00  0.00e+00  8.57e+01  3.01e+02  3.46e+02  1.23e-01  

Stats for file:  albany_sg_ni_32_2_3.out
 Total     Solve      Res       Jac       Cijk     Mean1     Mean2      Var1      Var2    
1.04e+02  1.62e+01  1.57e+01  3.84e+01  0.00e+00  8.57e+01  3.01e+02  3.46e+02  1.24e-01  

Stats for file:  albany_sg_ni_32_2_4.out
 Total     Solve      Res       Jac       Cijk     Mean1     Mean2      Var1      Var2    
4.36e+02  1.30e+02  5.54e+01  1.31e+02  0.00e+00  8.57e+01  3.01e+02  3.46e+02  1.24e-01  

Stats for file:  albany_sg_ni_32_2_5.out
 Total     Solve      Res       Jac       Cijk     Mean1     Mean2      Var1      Var2    
4.46e+02  1.35e+02  5.61e+01  1.33e+02  0.00e+00  8.57e+01  3.01e+02  3.46e+02  1.24e-01  

Stats for file:  albany_sg_ni_32_4_1.out
 Total     Solve      Res       Jac       Cijk     Mean1     Mean2      Var1      Var2    
8.65e+00  7.88e-01  1.51e+00  3.40e+00  0.00e+00  8.57e+01  3.01e+02  3.50e+02  1.08e-01  

Stats for file:  albany_sg_ni_32_4_2.out
 Total     Solve      Res       Jac    