No protocol specified
Teuchos::GlobalMPISession::GlobalMPISession(): started processor with name algol.ca.sandia.gov and rank 0!
Problem Name = Mechanics 3D
Mechanics problem:
	Spatial dimension             : 3
	Mechanics variables           : DOF
	Temperature variables         : None
	Pore Pressure variables       : None
	Transport variables           : None
	HydroStress variables         : None
	Damage variables              : None
	Stabilized Pressure variables : None
Initializing material database from OrientationNotOnMesh_Material.xml
Albany_IOSS: Loading STKMesh from Exodus file  OrientationNotOnMesh.g
MULTIPLE Elem Block in Ioss: DO worksetSize[eb] max?? 
Num MeshSpecs: 8
Calling MechanicsProblem::buildEvaluators
Calling MechanicsProblem::constructDirichletEvaluators

p=0: *** Caught standard std::exception of type 'std::runtime_error' :

  FAILED in IossBridge -- set_field_role: The role type had already been set to 6, so it is not possible to change it to 4
================================================================================

                      TimeMonitor results over 1 processor

Timer Name                  Global time (num calls)    
--------------------------------------------------------------------------------
Albany: ***Total Time***    0.1722 (1)                 
Albany: Setup Time          0.1722 (1)                 
================================================================================
